This is pdfTeX, Version 3.14159265-2.6-1.40.20 (MiKTeX 2.9.7050 64-bit) (preloaded format=pdflatex 2019.6.17)  25 JUN 2019 23:24
entering extended mode
**./tcc.tex
(tcc.tex
LaTeX2e <2018-12-01>
(fixos/pacotes.tex
("C:\Users\Guilherme\AppData\Local\Programs\MiKTeX 2.9\tex/latex/abntex2\abntex
2.cls"
Document Class: abntex2 2018/11/24 v-1.9.7 abnTeX2

("C:\Users\Guilherme\AppData\Local\Programs\MiKTeX 2.9\tex/latex/base\ifthen.st
y"
Package: ifthen 2014/09/29 v1.1c Standard LaTeX ifthen package (DPC)
)
("C:\Users\Guilherme\AppData\Local\Programs\MiKTeX 2.9\tex/latex/memoir\memoir.
cls"
Document Class: memoir 2018/12/12 v3.7h configurable book, report, article docu
ment class
\onelineskip=\skip41
\lxvchars=\skip42
\xlvchars=\skip43
\@memcnta=\count80
\c@@memmarkcntra=\count81

("C:\Users\Guilherme\AppData\Local\Programs\MiKTeX 2.9\tex/generic/oberdiek\ifp
df.sty"
Package: ifpdf 2018/09/07 v3.3 Provides the ifpdf switch
)
("C:\Users\Guilherme\AppData\Local\Programs\MiKTeX 2.9\tex/latex/ifetex\ifetex.
sty"
Package: ifetex 2018/03/31 v1.2a ifetex

("C:\Users\Guilherme\AppData\Local\Programs\MiKTeX 2.9\tex/plain/ifetex\ifetex.
tex"))
("C:\Users\Guilherme\AppData\Local\Programs\MiKTeX 2.9\tex/generic/ifxetex\ifxe
tex.sty"
Package: ifxetex 2010/09/12 v0.6 Provides ifxetex conditional
)
("C:\Users\Guilherme\AppData\Local\Programs\MiKTeX 2.9\tex/generic/oberdiek\ifl
uatex.sty"
Package: ifluatex 2016/05/16 v1.4 Provides the ifluatex switch (HO)
Package ifluatex Info: LuaTeX not detected.
)
\stockheight=\skip44
\stockwidth=\skip45
\trimtop=\skip46
\trimedge=\skip47

("C:\Users\Guilherme\AppData\Local\Programs\MiKTeX 2.9\tex/latex/memoir\mem12.c
lo"
File: mem12.clo 2010/10/19 v0.4b memoir class 12pt size option
)
\binding=\skip48
\spinemargin=\skip49
\foremargin=\skip50
\uppermargin=\skip51
\lowermargin=\skip52
\headdrop=\skip53
\normalrulethickness=\skip54
\mem@maxheadheight=\skip55
\mem@maxfootheight=\skip56
\headwidth=\skip57
\c@storedpagenumber=\count82
\memPD=\dimen102
\m@mabparskip=\skip58
\thanksmarkwidth=\skip59
\thanksmarksep=\skip60
\droptitle=\skip61
\c@book=\count83
\c@part=\count84
\c@chapter=\count85
\c@section=\count86
\c@subsection=\count87
\c@subsubsection=\count88
\c@paragraph=\count89
\c@subparagraph=\count90
\beforechapskip=\skip62
\midchapskip=\skip63
\afterchapskip=\skip64
\chapindent=\skip65
\bottomsectionskip=\skip66
\secindent=\skip67
\beforesecskip=\skip68
\aftersecskip=\skip69
\subsecindent=\skip70
\beforesubsecskip=\skip71
\aftersubsecskip=\skip72
\subsubsecindent=\skip73
\beforesubsubsecskip=\skip74
\aftersubsubsecskip=\skip75
\paraindent=\skip76
\beforeparaskip=\skip77
\afterparaskip=\skip78
\subparaindent=\skip79
\beforesubparaskip=\skip80
\aftersubparaskip=\skip81
\pfbreakskip=\skip82
\c@@ppsavesec=\count91
\c@@ppsaveapp=\count92
\ragrparindent=\dimen103
\everylistparindent=\dimen104
\parsepi=\skip83
\topsepi=\skip84
\itemsepi=\skip85
\parsepii=\skip86
\topsepii=\skip87
\topsepiii=\skip88
\itemsepii=\skip89
\itemsepiii=\skip90
\partopsepii=\skip91
\partopsepiii=\skip92
\m@msavetopsep=\skip93
\m@msavepartopsep=\skip94
\@enLab=\toks14
\abstitleskip=\skip95
\absleftindent=\skip96
\abs@leftindent=\dimen105
\absrightindent=\skip97
\absparindent=\skip98
\absparsep=\skip99
\c@vslineno=\count93
\c@poemline=\count94
\c@modulo@vs=\count95
\c@memfvsline=\count96
\vleftskip=\skip100
\vrightskip=\skip101
\stanzaskip=\skip102
\versewidth=\skip103
\vgap=\skip104
\vindent=\skip105
\vleftmargin=\dimen106
\c@verse=\count97
\c@chrsinstr=\count98
\beforepoemtitleskip=\skip106
\afterpoemtitleskip=\skip107
\c@poem=\count99
\beforePoemTitleskip=\skip108
\midPoemTitleskip=\skip109
\afterPoemTitleskip=\skip110

("C:\Users\Guilherme\AppData\Local\Programs\MiKTeX 2.9\tex/latex/tools\array.st
y"
Package: array 2018/12/30 v2.4k Tabular extension package (FMi)
\col@sep=\dimen107
\ar@mcellbox=\box27
\extrarowheight=\dimen108
\NC@list=\toks15
\extratabsurround=\skip111
\backup@length=\skip112
\ar@cellbox=\box28
)
("C:\Users\Guilherme\AppData\Local\Programs\MiKTeX 2.9\tex/latex/tools\dcolumn.
sty"
Package: dcolumn 2014/10/28 v1.06 decimal alignment package (DPC)
)
("C:\Users\Guilherme\AppData\Local\Programs\MiKTeX 2.9\tex/latex/tools\delarray
.sty"
Package: delarray 2014/10/28 v1.01 array delimiter package (DPC)
)
("C:\Users\Guilherme\AppData\Local\Programs\MiKTeX 2.9\tex/latex/tools\tabularx
.sty"
Package: tabularx 2016/02/03 v2.11b `tabularx' package (DPC)
\TX@col@width=\dimen109
\TX@old@table=\dimen110
\TX@old@col=\dimen111
\TX@target=\dimen112
\TX@delta=\dimen113
\TX@cols=\count100
\TX@ftn=\toks16
)
\heavyrulewidth=\dimen114
\lightrulewidth=\dimen115
\cmidrulewidth=\dimen116
\belowrulesep=\dimen117
\belowbottomsep=\dimen118
\aboverulesep=\dimen119
\abovetopsep=\dimen120
\cmidrulesep=\dimen121
\cmidrulekern=\dimen122
\defaultaddspace=\dimen123
\@cmidla=\count101
\@cmidlb=\count102
\@aboverulesep=\dimen124
\@belowrulesep=\dimen125
\@thisruleclass=\count103
\@lastruleclass=\count104
\@thisrulewidth=\dimen126
\ctableftskip=\skip113
\ctabrightskip=\skip114
\abovecolumnspenalty=\count105
\@linestogo=\count106
\@cellstogo=\count107
\@cellsincolumn=\count108
\crtok=\toks17
\@mincolumnwidth=\dimen127
\c@newflo@tctr=\count109
\mem@margin@floatbox=\box29
\@contcwidth=\skip115
\@contindw=\skip116
\abovecaptionskip=\skip117
\belowcaptionskip=\skip118
\subfloattopskip=\skip119
\subfloatcapskip=\skip120
\subfloatcaptopadj=\skip121
\subfloatbottomskip=\skip122
\subfloatlabelskip=\skip123
\subfloatcapmargin=\dimen128
\c@@contsubnum=\count110
\m@mscap@capbox=\box30
\m@mscap@fbox=\box31
\sidecapsep=\dimen129
\sidecapwidth=\dimen130
\m@m@tempdima=\dimen131
\m@mscapraise=\dimen132
\sidecapraise=\dimen133
\m@mscapmainwidth=\dimen134
\m@mscaplkern=\dimen135
\beforeepigraphskip=\skip124
\afterepigraphskip=\skip125
\epigraphwidth=\skip126
\epigraphrule=\skip127
LaTeX Info: Redefining \em on input line 7592.
LaTeX Info: Redefining \emph on input line 7600.
\tocentryskip=\skip128
\tocbaseline=\skip129
\cftparskip=\skip130
\cftbeforebookskip=\skip131
\cftbookindent=\dimen136
\cftbooknumwidth=\dimen137
\cftbeforepartskip=\skip132
\cftpartindent=\skip133
\cftpartnumwidth=\skip134
\cftbeforechapterskip=\skip135
\cftchapterindent=\skip136
\cftchapternumwidth=\skip137
\cftbeforesectionskip=\skip138
\cftsectionindent=\skip139
\cftsectionnumwidth=\skip140
\cftbeforesubsectionskip=\skip141
\cftsubsectionindent=\skip142
\cftsubsectionnumwidth=\skip143
\cftbeforesubsubsectionskip=\skip144
\cftsubsubsectionindent=\skip145
\cftsubsubsectionnumwidth=\skip146
\cftbeforeparagraphskip=\skip147
\cftparagraphindent=\skip148
\cftparagraphnumwidth=\skip149
\cftbeforesubparagraphskip=\skip150
\cftsubparagraphindent=\skip151
\cftsubparagraphnumwidth=\skip152
\prechapterprecisshift=\dimen138
\c@maxsecnumdepth=\count111
\bibindent=\dimen139
\bibitemsep=\skip153
\indexcolsep=\skip154
\indexrule=\skip155
\indexmarkstyle=\toks18
\@indexbox=\insert199
\glossarycolsep=\dimen140
\glossaryrule=\dimen141
\sideparvshift=\skip156
\sideins=\insert198
\sidebartopsep=\skip157
\sidebarhsep=\skip158
\sidebarvsep=\skip159
\sidebarwidth=\skip160
\footmarkwidth=\skip161
\footmarksep=\skip162
\footparindent=\skip163
\footinsdim=\skip164
\footinsv@r=\insert197
\@mpfootinsv@r=\insert196
\m@m@k=\count112
\m@m@h=\dimen142
\m@mipn@skip=\skip165
\sidefootins=\insert195
\sidefootadjust=\skip166
\sidefootheight=\skip167
\sidefoothsep=\skip168
\sidefootvsep=\skip169
\sidefootwidth=\skip170
\m@mdownsf=\skip171
\c@sidefootnote=\count113
\sidefootmarkwidth=\skip172
\sidefootmarksep=\skip173
\sidefootparindent=\skip174
\c@pagenote=\count114
\c@pagenoteshadow=\count115
\mem@pn@lastkern=\skip175
\every@verbatim=\toks19
\afterevery@verbatim=\toks20
\verbatim@line=\toks21
\tab@position=\count116
\verbatim@in@stream=\read1
\verbatimindent=\skip176
\verbatim@out=\write3
\bvboxsep=\skip177
\c@memfbvline=\count117
\c@bvlinectr=\count118
\bvnumlength=\skip178
\fb@frw=\dimen143
\fb@frh=\dimen144
\FrameRule=\dimen145
\FrameSep=\dimen146
\c@cp@cntr=\count119
LaTeX Info: Redefining \: on input line 12114.
LaTeX Info: Redefining \! on input line 12116.
\c@ism@mctr=\count120
\c@xsm@mctr=\count121
\c@csm@mctr=\count122
\c@ksm@mctr=\count123
\c@xksm@mctr=\count124
\c@cksm@mctr=\count125
\c@msm@mctr=\count126
\c@xmsm@mctr=\count127
\c@cmsm@mctr=\count128
\c@bsm@mctr=\count129
\c@workm@mctr=\count130
\c@sheetsequence=\count131
\c@lastsheet=\count132
\c@lastpage=\count133
\c@figure=\count134
\c@lofdepth=\count135
\cftbeforefigureskip=\skip179
\cftfigureindent=\skip180
\cftfigurenumwidth=\skip181
\c@table=\count136
\c@lotdepth=\count137
\cftbeforetableskip=\skip182
\cfttableindent=\skip183
\cfttablenumwidth=\skip184
Package abstract [2008/07/23] emulated by memoir.
Package appendix [2008/07/23] emulated by memoir.
Package booktabs [2016/05/16] emulated by memoir.
Package ccaption [2008/07/23] emulated by memoir.
Package changepage [2008/07/23] emulated by memoir.
Package chngcntr [2008/07/23] emulated by memoir.
Package chngpage [2008/07/23] emulated by memoir.
Package crop emulated by memoir.
Package enumerate [2008/07/23] emulated by memoir.
Package epigraph [2008/07/23] emulated by memoir.
Package ifmtarg [2008/07/23] emulated by memoir.
Package index [2008/07/23] emulated by memoir.
Package makeidx [2008/07/23] emulated by memoir.
Package moreverb [2008/07/23] emulated by memoir.
Package mparhack [2008/07/23] emulated by memoir.
Package needspace [2008/07/23] emulated by memoir.
Package newfile [2008/07/23] emulated by memoir.
Package nextpage [2008/07/23] emulated by memoir.
Package pagenote [2008/07/23] emulated by memoir.
Package parskip [2008/07/23] emulated by memoir.
Package patchcmd [2008/07/23] emulated by memoir.
Package setspace [2008/07/23] emulated by memoir.
Package shortvrb [2008/07/23] emulated by memoir.
Package showidx [2008/07/23] emulated by memoir.
Package titleref [2008/07/23] emulated by memoir.
Package titling [2008/07/23] emulated by memoir.
Package tocbibind [2008/07/23] emulated by memoir.
Package tocloft [2008/07/23] emulated by memoir.
Package tocvsec2 [2008/07/23] emulated by memoir.
Package verbatim [2008/07/23] emulated by memoir.
Package verse [2008/07/23] emulated by memoir.
)
("C:\Users\Guilherme\AppData\Local\Programs\MiKTeX 2.9\tex/latex/textcase\textc
ase.sty"
Package: textcase 2004/10/07 v0.07 Text only upper/lower case changing (DPC)
LaTeX Info: Redefining \MakeTextUppercase on input line 47.
LaTeX Info: Redefining \MakeTextLowercase on input line 50.
)
("C:\Users\Guilherme\AppData\Local\Programs\MiKTeX 2.9\tex/latex/hyperref\hyper
ref.sty"
Package: hyperref 2018/11/30 v6.88e Hypertext links for LaTeX

("C:\Users\Guilherme\AppData\Local\Programs\MiKTeX 2.9\tex/generic/oberdiek\hob
sub-hyperref.sty"
Package: hobsub-hyperref 2016/05/16 v1.14 Bundle oberdiek, subset hyperref (HO)


("C:\Users\Guilherme\AppData\Local\Programs\MiKTeX 2.9\tex/generic/oberdiek\hob
sub-generic.sty"
Package: hobsub-generic 2016/05/16 v1.14 Bundle oberdiek, subset generic (HO)
Package: hobsub 2016/05/16 v1.14 Construct package bundles (HO)
Package: infwarerr 2016/05/16 v1.4 Providing info/warning/error messages (HO)
Package: ltxcmds 2016/05/16 v1.23 LaTeX kernel commands for general use (HO)
Package hobsub Info: Skipping package `ifluatex' (already loaded).
Package: ifvtex 2016/05/16 v1.6 Detect VTeX and its facilities (HO)
Package ifvtex Info: VTeX not detected.
Package: intcalc 2016/05/16 v1.2 Expandable calculations with integers (HO)
Package hobsub Info: Skipping package `ifpdf' (already loaded).
Package: etexcmds 2016/05/16 v1.6 Avoid name clashes with e-TeX commands (HO)
Package: kvsetkeys 2016/05/16 v1.17 Key value parser (HO)
Package: kvdefinekeys 2016/05/16 v1.4 Define keys (HO)
Package: pdftexcmds 2018/09/10 v0.29 Utility functions of pdfTeX for LuaTeX (HO
)
Package pdftexcmds Info: LuaTeX not detected.
Package pdftexcmds Info: \pdf@primitive is available.
Package pdftexcmds Info: \pdf@ifprimitive is available.
Package pdftexcmds Info: \pdfdraftmode found.
Package: pdfescape 2016/05/16 v1.14 Implements pdfTeX's escape features (HO)
Package: bigintcalc 2016/05/16 v1.4 Expandable calculations on big integers (HO
)
Package: bitset 2016/05/16 v1.2 Handle bit-vector datatype (HO)
Package: uniquecounter 2016/05/16 v1.3 Provide unlimited unique counter (HO)
)
Package hobsub Info: Skipping package `hobsub' (already loaded).
Package: letltxmacro 2016/05/16 v1.5 Let assignment for LaTeX macros (HO)
Package: hopatch 2016/05/16 v1.3 Wrapper for package hooks (HO)
Package: xcolor-patch 2016/05/16 xcolor patch
Package: atveryend 2016/05/16 v1.9 Hooks at the very end of document (HO)
Package atveryend Info: \enddocument detected (standard20110627).
Package: atbegshi 2016/06/09 v1.18 At begin shipout hook (HO)
Package: refcount 2016/05/16 v3.5 Data extraction from label references (HO)
Package: hycolor 2016/05/16 v1.8 Color options for hyperref/bookmark (HO)
)
("C:\Users\Guilherme\AppData\Local\Programs\MiKTeX 2.9\tex/latex/graphics\keyva
l.sty"
Package: keyval 2014/10/28 v1.15 key=value parser (DPC)
\KV@toks@=\toks22
)
("C:\Users\Guilherme\AppData\Local\Programs\MiKTeX 2.9\tex/latex/oberdiek\auxho
ok.sty"
Package: auxhook 2016/05/16 v1.4 Hooks for auxiliary files (HO)
)
("C:\Users\Guilherme\AppData\Local\Programs\MiKTeX 2.9\tex/latex/oberdiek\kvopt
ions.sty"
Package: kvoptions 2016/05/16 v3.12 Key value format for package options (HO)
)
\@linkdim=\dimen147
\Hy@linkcounter=\count138
\Hy@pagecounter=\count139

("C:\Users\Guilherme\AppData\Local\Programs\MiKTeX 2.9\tex/latex/hyperref\pd1en
c.def"
File: pd1enc.def 2018/11/30 v6.88e Hyperref: PDFDocEncoding definition (HO)
Now handling font encoding PD1 ...
... no UTF-8 mapping file for font encoding PD1
)
\Hy@SavedSpaceFactor=\count140

("C:\Users\Guilherme\AppData\Local\Programs\MiKTeX 2.9\tex/latex/00miktex\hyper
ref.cfg"
File: hyperref.cfg 2002/06/06 v1.2 hyperref configuration of TeXLive
)
Package hyperref Info: Hyper figures OFF on input line 4519.
Package hyperref Info: Link nesting OFF on input line 4524.
Package hyperref Info: Hyper index ON on input line 4527.
Package hyperref Info: Plain pages OFF on input line 4534.
Package hyperref Info: Backreferencing OFF on input line 4539.
Package hyperref Info: Implicit mode ON; LaTeX internals redefined.
Package hyperref Info: Bookmarks ON on input line 4772.
\c@Hy@tempcnt=\count141

("C:\Users\Guilherme\AppData\Local\Programs\MiKTeX 2.9\tex/latex/url\url.sty"
\Urlmuskip=\muskip10
Package: url 2013/09/16  ver 3.4  Verb mode for urls, etc.
)
LaTeX Info: Redefining \url on input line 5125.
\XeTeXLinkMargin=\dimen148
\Fld@menulength=\count142
\Field@Width=\dimen149
\Fld@charsize=\dimen150
Package hyperref Info: Hyper figures OFF on input line 6380.
Package hyperref Info: Link nesting OFF on input line 6385.
Package hyperref Info: Hyper index ON on input line 6388.
Package hyperref Info: backreferencing OFF on input line 6395.
Package hyperref Info: Link coloring OFF on input line 6400.
Package hyperref Info: Link coloring with OCG OFF on input line 6405.
Package hyperref Info: PDF/A mode OFF on input line 6410.
LaTeX Info: Redefining \ref on input line 6450.
LaTeX Info: Redefining \pageref on input line 6454.
\Hy@abspage=\count143
\c@Item=\count144
\c@Hfootnote=\count145
)
("C:\Users\Guilherme\AppData\Local\Programs\MiKTeX 2.9\tex/latex/memoir\memhfix
c.sty"
Package: memhfixc 2013/05/30 v1.17 nameref/hyperref package fixes for memoir cl
ass
\c@memhycontfloat=\count146
\c@Hpagenote=\count147
)
Package hyperref Info: Driver (autodetected): hpdftex.

("C:\Users\Guilherme\AppData\Local\Programs\MiKTeX 2.9\tex/latex/hyperref\hpdft
ex.def"
File: hpdftex.def 2018/11/30 v6.88e Hyperref driver for pdfTeX
\Fld@listcount=\count148
\c@bookmark@seq@number=\count149

("C:\Users\Guilherme\AppData\Local\Programs\MiKTeX 2.9\tex/latex/oberdiek\rerun
filecheck.sty"
Package: rerunfilecheck 2016/05/16 v1.8 Rerun checks for auxiliary files (HO)
Package uniquecounter Info: New unique counter `rerunfilecheck' on input line 2
82.
)
\Hy@SectionHShift=\skip185
)
("C:\Users\Guilherme\AppData\Local\Programs\MiKTeX 2.9\tex/latex/oberdiek\bookm
ark.sty"
Package: bookmark 2016/05/17 v1.26 PDF bookmarks (HO)

("C:\Users\Guilherme\AppData\Local\Programs\MiKTeX 2.9\tex/latex/oberdiek\bkm-p
dftex.def"
File: bkm-pdftex.def 2016/05/17 v1.26 bookmark driver for pdfTeX (HO)
\BKM@id=\count150
))
("C:\Users\Guilherme\AppData\Local\Programs\MiKTeX 2.9\tex/generic/babel\babel.
sty"
Package: babel 2019/06/03 3.32 The Babel package

("C:\Users\Guilherme\AppData\Local\Programs\MiKTeX 2.9\tex/generic/babel\switch
.def"
File: switch.def 2019/06/03 3.32 Babel switching mechanism
)
*************************************
* Local config file bblopts.cfg used
*

("C:\Users\Guilherme\AppData\Local\Programs\MiKTeX 2.9\tex/latex/arabi\bblopts.
cfg"
File: bblopts.cfg 2005/09/08 v0.1 add Arabic and Farsi to "declared" options of
 babel
)
("C:\Users\Guilherme\AppData\Local\Programs\MiKTeX 2.9\tex/latex/babel-english\
english.ldf"
Language: english 2017/06/06 v3.3r English support from the babel system

("C:\Users\Guilherme\AppData\Local\Programs\MiKTeX 2.9\tex/generic/babel\babel.
def"
File: babel.def 2019/06/03 3.32 Babel common definitions
\babel@savecnt=\count151
\U@D=\dimen151

("C:\Users\Guilherme\AppData\Local\Programs\MiKTeX 2.9\tex/generic/babel\txtbab
el.def")
\bbl@dirlevel=\count152
)
\l@canadian = a dialect from \language\l@american 
\l@australian = a dialect from \language\l@british 
\l@newzealand = a dialect from \language\l@british 
)
("C:\Users\Guilherme\AppData\Local\Programs\MiKTeX 2.9\tex/generic/babel-french
\french.ldf"
Language: french 2019/03/30 v3.5e French support from the babel system
\l@acadian = a dialect from \language\l@french 
\FB@nonchar=\count153
Package babel Info: Making : an active character on input line 414.
Package babel Info: Making ; an active character on input line 415.
Package babel Info: Making ! an active character on input line 416.
Package babel Info: Making ? an active character on input line 417.
\FBguill@level=\count154
\FBold@everypar=\toks23
\FB@Mht=\dimen152
\mc@charclass=\count155
\mc@charfam=\count156
\mc@charslot=\count157
\std@mcc=\count158
\dec@mcc=\count159
\c@FBcaption@count=\count160
\listindentFB=\dimen153
\descindentFB=\dimen154
\labelindentFB=\dimen155
\labelwidthFB=\dimen156
\leftmarginFB=\dimen157
\parindentFFN=\dimen158
\FBfnindent=\dimen159
)
("C:\Users\Guilherme\AppData\Local\Programs\MiKTeX 2.9\tex/latex/babel-spanish\
spanish.ldf"
Language: spanish.ldf 2016/03/03 v5.0p Spanish support from the babel system
\es@quottoks=\toks24
\es@quotdepth=\count161
Package babel Info: Making " an active character on input line 561.
Package babel Info: Making . an active character on input line 662.
Package babel Info: Making < an active character on input line 707.
Package babel Info: Making > an active character on input line 707.
)
("C:\Users\Guilherme\AppData\Local\Programs\MiKTeX 2.9\tex/latex/babel-portuges
\portuges.ldf"
Language: portuges 2008/03/18 v1.2q Portuguese support from the babel system
\l@brazil = a dialect from \language\l@portuges 
))
("C:\Users\Guilherme\AppData\Local\Programs\MiKTeX 2.9\tex/latex/carlisle\scale
fnt.sty")
("C:\Users\Guilherme\AppData\Local\Programs\MiKTeX 2.9\tex/latex/enumitem\enumi
tem.sty"
Package: enumitem 2019/02/04 v3.8 Customized lists
\labelindent=\skip186
\enit@outerparindent=\dimen160
\enit@toks=\toks25
\enit@inbox=\box32
\enit@count@id=\count162
\enitdp@description=\count163
)
("C:\Users\Guilherme\AppData\Local\Programs\MiKTeX 2.9\tex/latex/tools\calc.sty
"
Package: calc 2017/05/25 v4.3 Infix arithmetic (KKT,FJ)
\calc@Acount=\count164
\calc@Bcount=\count165
\calc@Adimen=\dimen161
\calc@Bdimen=\dimen162
\calc@Askip=\skip187
\calc@Bskip=\skip188
LaTeX Info: Redefining \setlength on input line 80.
LaTeX Info: Redefining \addtolength on input line 81.
\calc@Ccount=\count166
\calc@Cskip=\skip189
)

******************************************************
Stock height and width: 845.04684pt by 597.50787pt
Top and edge trims: 0pt and 0pt
Page height and width: 845.04684pt by 597.50787pt
Text height and width: 708pt by 455pt
Spine and edge margins: 85.35826pt and 56.9055pt
Upper and lower margins: 85.35826pt and 51.68858pt
Headheight and headsep: 14.5pt and 19.8738pt
Footskip: 30pt
Columnsep and columnseprule: 10pt and 0pt
Marginparsep and marginparwidth: 7pt and 42.9055pt
Sidecapsep and sidecapwidth: 7pt and 92pt
Sidebarhsep and sidebarwidth: 7pt and 92pt
Sidebarvsep and sidebartopsep: 14.5pt and 0pt
Sidebarheight: 590.14995pt
Sidefoothsep and sidefootwidth: 7pt and 92pt
Sidefootvsep and sidefootheight: 14.5pt and 590.14995pt
******************************************************

\c@abntex@bookmarkcounter=\count167
\cftlastnumwidth=\skip190
\chapternamenumlength=\skip191
\ABNTEXcitacaorecuo=\skip192
\c@alineasi=\count168
\c@alineasii=\count169
\enitdp@alineas=\count170
\c@subalineasi=\count171
\enitdp@subalineas=\count172
\c@incisosi=\count173
\enitdp@incisos=\count174
\ABNTEXsignwidth=\skip193
\ABNTEXsignthickness=\skip194
\ABNTEXsignskip=\skip256
) ("C:\Users\Guilherme\AppData\Local\Programs\MiKTeX 2.9\tex/latex/cmap\cmap.st
y"
Package: cmap 2008/03/06 v1.0h CMap support: searchable PDF
)
("C:\Users\Guilherme\AppData\Local\Programs\MiKTeX 2.9\tex/latex/lm\lmodern.sty
"
Package: lmodern 2009/10/30 v1.6 Latin Modern Fonts
LaTeX Font Info:    Overwriting symbol font `operators' in version `normal'
(Font)                  OT1/cmr/m/n --> OT1/lmr/m/n on input line 22.
LaTeX Font Info:    Overwriting symbol font `letters' in version `normal'
(Font)                  OML/cmm/m/it --> OML/lmm/m/it on input line 23.
LaTeX Font Info:    Overwriting symbol font `symbols' in version `normal'
(Font)                  OMS/cmsy/m/n --> OMS/lmsy/m/n on input line 24.
LaTeX Font Info:    Overwriting symbol font `largesymbols' in version `normal'
(Font)                  OMX/cmex/m/n --> OMX/lmex/m/n on input line 25.
LaTeX Font Info:    Overwriting symbol font `operators' in version `bold'
(Font)                  OT1/cmr/bx/n --> OT1/lmr/bx/n on input line 26.
LaTeX Font Info:    Overwriting symbol font `letters' in version `bold'
(Font)                  OML/cmm/b/it --> OML/lmm/b/it on input line 27.
LaTeX Font Info:    Overwriting symbol font `symbols' in version `bold'
(Font)                  OMS/cmsy/b/n --> OMS/lmsy/b/n on input line 28.
LaTeX Font Info:    Overwriting symbol font `largesymbols' in version `bold'
(Font)                  OMX/cmex/m/n --> OMX/lmex/m/n on input line 29.
LaTeX Font Info:    Overwriting math alphabet `\mathbf' in version `normal'
(Font)                  OT1/cmr/bx/n --> OT1/lmr/bx/n on input line 31.
LaTeX Font Info:    Overwriting math alphabet `\mathsf' in version `normal'
(Font)                  OT1/cmss/m/n --> OT1/lmss/m/n on input line 32.
LaTeX Font Info:    Overwriting math alphabet `\mathit' in version `normal'
(Font)                  OT1/cmr/m/it --> OT1/lmr/m/it on input line 33.
LaTeX Font Info:    Overwriting math alphabet `\mathtt' in version `normal'
(Font)                  OT1/cmtt/m/n --> OT1/lmtt/m/n on input line 34.
LaTeX Font Info:    Overwriting math alphabet `\mathbf' in version `bold'
(Font)                  OT1/cmr/bx/n --> OT1/lmr/bx/n on input line 35.
LaTeX Font Info:    Overwriting math alphabet `\mathsf' in version `bold'
(Font)                  OT1/cmss/bx/n --> OT1/lmss/bx/n on input line 36.
LaTeX Font Info:    Overwriting math alphabet `\mathit' in version `bold'
(Font)                  OT1/cmr/bx/it --> OT1/lmr/bx/it on input line 37.
LaTeX Font Info:    Overwriting math alphabet `\mathtt' in version `bold'
(Font)                  OT1/cmtt/m/n --> OT1/lmtt/m/n on input line 38.
)
("C:\Users\Guilherme\AppData\Local\Programs\MiKTeX 2.9\tex/latex/base\fontenc.s
ty"
Package: fontenc 2018/08/11 v2.0j Standard LaTeX package

("C:\Users\Guilherme\AppData\Local\Programs\MiKTeX 2.9\tex/latex/base\t1enc.def
"
File: t1enc.def 2018/08/11 v2.0j Standard LaTeX file
LaTeX Font Info:    Redeclaring font encoding T1 on input line 48.
)<<t1.cmap>>)
("C:\Users\Guilherme\AppData\Local\Programs\MiKTeX 2.9\tex/latex/base\inputenc.
sty"
Package: inputenc 2018/08/11 v1.3c Input encoding file
\inpenc@prehook=\toks26
\inpenc@posthook=\toks27
)
("C:\Users\Guilherme\AppData\Local\Programs\MiKTeX 2.9\tex/latex/lastpage\lastp
age.sty"
Package: lastpage 2015/03/29 v1.2m Refers to last page's name (HMM; JPG)
)
("C:\Users\Guilherme\AppData\Local\Programs\MiKTeX 2.9\tex/latex/tools\indentfi
rst.sty"
Package: indentfirst 1995/11/23 v1.03 Indent first paragraph (DPC)
)
("C:\Users\Guilherme\AppData\Local\Programs\MiKTeX 2.9\tex/latex/graphics\color
.sty"
Package: color 2016/07/10 v1.1e Standard LaTeX Color (DPC)

("C:\Users\Guilherme\AppData\Local\Programs\MiKTeX 2.9\tex/latex/graphics-cfg\c
olor.cfg"
File: color.cfg 2016/01/02 v1.6 sample color configuration
)
Package color Info: Driver file: pdftex.def on input line 147.

("C:\Users\Guilherme\AppData\Local\Programs\MiKTeX 2.9\tex/latex/graphics-def\p
dftex.def"
File: pdftex.def 2018/01/08 v1.0l Graphics/color driver for pdftex
))
("C:\Users\Guilherme\AppData\Local\Programs\MiKTeX 2.9\tex/latex/graphics\graph
icx.sty"
Package: graphicx 2017/06/01 v1.1a Enhanced LaTeX Graphics (DPC,SPQR)

("C:\Users\Guilherme\AppData\Local\Programs\MiKTeX 2.9\tex/latex/graphics\graph
ics.sty"
Package: graphics 2017/06/25 v1.2c Standard LaTeX Graphics (DPC,SPQR)

("C:\Users\Guilherme\AppData\Local\Programs\MiKTeX 2.9\tex/latex/graphics\trig.
sty"
Package: trig 2016/01/03 v1.10 sin cos tan (DPC)
)
("C:\Users\Guilherme\AppData\Local\Programs\MiKTeX 2.9\tex/latex/graphics-cfg\g
raphics.cfg"
File: graphics.cfg 2016/06/04 v1.11 sample graphics configuration
)
Package graphics Info: Driver file: pdftex.def on input line 99.
)
\Gin@req@height=\dimen163
\Gin@req@width=\dimen164
)
("C:\Users\Guilherme\AppData\Local\Programs\MiKTeX 2.9\tex/latex/units\units.st
y"
Package: units 1998/08/04 v0.9b Typesetting units

("C:\Users\Guilherme\AppData\Local\Programs\MiKTeX 2.9\tex/latex/units\nicefrac
.sty"
Package: nicefrac 1998/08/04 v0.9b Nice fractions
\L@UnitsRaiseDisplaystyle=\skip257
\L@UnitsRaiseTextstyle=\skip258
\L@UnitsRaiseScriptstyle=\skip259
))
("C:\Users\Guilherme\AppData\Local\Programs\MiKTeX 2.9\tex/latex/hyperref\backr
ef.sty"
Package: backref 2016/05/21 v1.39 Bibliographical back referencing
)
("C:\Users\Guilherme\AppData\Local\Programs\MiKTeX 2.9\tex/latex/abntex2\abntex
2cite.sty"
Package: abntex2cite 2018/11/24 v-1.9.7 abnTeX2

("C:\Users\Guilherme\AppData\Local\Programs\MiKTeX 2.9\tex/latex/abntex2\abntex
2abrev.sty")
\minimumbiblabelwidth=\skip260
\ABCIauxlen=\skip261
\c@ABCIaux=\count175
\c@ABCImax=\count176

("C:\Users\Guilherme\AppData\Local\Programs\MiKTeX 2.9\tex/latex/relsize\relsiz
e.sty"
Package: relsize 2013/03/29 ver 4.1
)
\biblabelsep=\skip262
LaTeX Info: Redefining \newblock on input line 591.
LaTeX Info: Redefining \cite on input line 618.
\ABCItoken=\toks28
)
("C:\Users\Guilherme\AppData\Local\Programs\MiKTeX 2.9\tex/latex/bold-extra\bol
d-extra.sty"
Package: bold-extra 2001/11/13 v0.1 Use fonts from cm/mf-extra/bold
)
("C:\Users\Guilherme\AppData\Local\Programs\MiKTeX 2.9\tex/latex/eso-pic\eso-pi
c.sty"
Package: eso-pic 2018/04/12 v2.0h eso-pic (RN)
)
("C:\Users\Guilherme\AppData\Local\Programs\MiKTeX 2.9\tex/latex/oberdiek\pdfls
cape.sty"
Package: pdflscape 2016/05/14 v0.11 Display of landscape pages in PDF (HO)

("C:\Users\Guilherme\AppData\Local\Programs\MiKTeX 2.9\tex/latex/graphics\lscap
e.sty"
Package: lscape 2000/10/22 v3.01 Landscape Pages (DPC)
)
Package pdflscape Info: Auto-detected driver: pdftex on input line 81.
)
("C:\Users\Guilherme\AppData\Local\Programs\MiKTeX 2.9\tex/latex/was\gensymb.st
y"
Package: gensymb 2003/07/02 v1.0 (WaS)
)
("C:\Users\Guilherme\AppData\Local\Programs\MiKTeX 2.9\tex/latex/blindtext\blin
dtext.sty"
Package: blindtext 2012/01/06 V2.0 blindtext-Package

("C:\Users\Guilherme\AppData\Local\Programs\MiKTeX 2.9\tex/latex/tools\xspace.s
ty"
Package: xspace 2014/10/28 v1.13 Space after command names (DPC,MH)
)
\c@blindtext=\count177
\c@Blindtext=\count178
\c@blind@countparstart=\count179
\blind@countxx=\count180
\blindtext@numBlindtext=\count181
\blind@countyy=\count182
\c@blindlist=\count183
\c@blindlistlevel=\count184
\c@blindlist@level=\count185
\blind@listitem=\count186
\c@blind@listcount=\count187
\c@blind@levelcount=\count188
\blind@mathformula=\count189
\blind@Mathformula=\count190
\c@blind@randomcount=\count191
\c@blind@randommax=\count192
\c@blind@pangramcount=\count193
\c@blind@pangrammax=\count194
)
("C:\Users\Guilherme\AppData\Local\Programs\MiKTeX 2.9\tex/latex/tools\longtabl
e.sty"
Package: longtable 2014/10/28 v4.11 Multi-page Table package (DPC)+ FMi change
\LTleft=\skip263
\LTright=\skip264
\LTpre=\skip265
\LTpost=\skip266
\LTchunksize=\count266
\LTcapwidth=\dimen165
\LT@head=\box33
\LT@firsthead=\box34
\LT@foot=\box35
\LT@lastfoot=\box36
\LT@cols=\count267
\LT@rows=\count268
\c@LT@tables=\count269
\c@LT@chunks=\count270
\LT@p@ftn=\toks29
)
("C:\Users\Guilherme\AppData\Local\Programs\MiKTeX 2.9\tex/latex/listings\listi
ngs.sty"
\lst@mode=\count271
\lst@gtempboxa=\box37
\lst@token=\toks30
\lst@length=\count272
\lst@currlwidth=\dimen166
\lst@column=\count273
\lst@pos=\count274
\lst@lostspace=\dimen167
\lst@width=\dimen168
\lst@newlines=\count275
\lst@lineno=\count276
\lst@maxwidth=\dimen169

("C:\Users\Guilherme\AppData\Local\Programs\MiKTeX 2.9\tex/latex/listings\lstmi
sc.sty"
File: lstmisc.sty 2019/02/27 1.8b (Carsten Heinz)
\c@lstnumber=\count277
\lst@skipnumbers=\count278
\lst@framebox=\box38
)
("C:\Users\Guilherme\AppData\Local\Programs\MiKTeX 2.9\tex/latex/listings\listi
ngs.cfg"
File: listings.cfg 2019/02/27 1.8b listings configuration
))
Package: listings 2019/02/27 1.8b (Carsten Heinz)

("C:\Users\Guilherme\AppData\Local\Programs\MiKTeX 2.9\tex/latex/xcolor\xcolor.
sty"
Package: xcolor 2016/05/11 v2.12 LaTeX color extensions (UK)

("C:\Users\Guilherme\AppData\Local\Programs\MiKTeX 2.9\tex/latex/graphics-cfg\c
olor.cfg"
File: color.cfg 2016/01/02 v1.6 sample color configuration
)
Package xcolor Info: Driver file: pdftex.def on input line 225.
LaTeX Info: Redefining \color on input line 709.
Package xcolor Info: Model `cmy' substituted by `cmy0' on input line 1348.
Package xcolor Info: Model `hsb' substituted by `rgb' on input line 1352.
Package xcolor Info: Model `RGB' extended on input line 1364.
Package xcolor Info: Model `HTML' substituted by `rgb' on input line 1366.
Package xcolor Info: Model `Hsb' substituted by `hsb' on input line 1367.
Package xcolor Info: Model `tHsb' substituted by `hsb' on input line 1368.
Package xcolor Info: Model `HSB' substituted by `hsb' on input line 1369.
Package xcolor Info: Model `Gray' substituted by `gray' on input line 1370.
Package xcolor Info: Model `wave' substituted by `hsb' on input line 1371.
)
("C:\Users\Guilherme\AppData\Local\Programs\MiKTeX 2.9\tex/latex/multirow\multi
row.sty"
Package: multirow 2019/05/31 v2.5 Span multiple rows of a table
\multirow@colwidth=\skip267
\multirow@cntb=\count279
\multirow@dima=\skip268
\bigstrutjot=\dimen170
)
("C:\Users\Guilherme\AppData\Local\Programs\MiKTeX 2.9\tex/latex/pgf-umlcd\pgf-
umlcd.sty"
Package: pgf-umlcd 2011/10/01 v0.3dev Some LaTeX macros for UML Class Diagrams.


("C:\Users\Guilherme\AppData\Local\Programs\MiKTeX 2.9\tex/latex/pgf/frontendla
yer\tikz.sty"
("C:\Users\Guilherme\AppData\Local\Programs\MiKTeX 2.9\tex/latex/pgf/basiclayer
\pgf.sty"
("C:\Users\Guilherme\AppData\Local\Programs\MiKTeX 2.9\tex/latex/pgf/utilities\
pgfrcs.sty"
("C:\Users\Guilherme\AppData\Local\Programs\MiKTeX 2.9\tex/generic/pgf/utilitie
s\pgfutil-common.tex"
\pgfutil@everybye=\toks31
\pgfutil@tempdima=\dimen171
\pgfutil@tempdimb=\dimen172

("C:\Users\Guilherme\AppData\Local\Programs\MiKTeX 2.9\tex/generic/pgf/utilitie
s\pgfutil-common-lists.tex"))
("C:\Users\Guilherme\AppData\Local\Programs\MiKTeX 2.9\tex/generic/pgf/utilitie
s\pgfutil-latex.def"
\pgfutil@abb=\box39

("C:\Users\Guilherme\AppData\Local\Programs\MiKTeX 2.9\tex/latex/ms\everyshi.st
y"
Package: everyshi 2001/05/15 v3.00 EveryShipout Package (MS)
))
("C:\Users\Guilherme\AppData\Local\Programs\MiKTeX 2.9\tex/generic/pgf/utilitie
s\pgfrcs.code.tex"
("C:\Users\Guilherme\AppData\Local\Programs\MiKTeX 2.9\tex/generic/pgf\pgf.revi
sion.tex")
Package: pgfrcs 2019/05/09 v3.1.3 (3.1.3)
))
Package: pgf 2019/05/09 v3.1.3 (3.1.3)

("C:\Users\Guilherme\AppData\Local\Programs\MiKTeX 2.9\tex/latex/pgf/basiclayer
\pgfcore.sty"
("C:\Users\Guilherme\AppData\Local\Programs\MiKTeX 2.9\tex/latex/pgf/systemlaye
r\pgfsys.sty"
("C:\Users\Guilherme\AppData\Local\Programs\MiKTeX 2.9\tex/generic/pgf/systemla
yer\pgfsys.code.tex"
Package: pgfsys 2019/05/09 v3.1.3 (3.1.3)

("C:\Users\Guilherme\AppData\Local\Programs\MiKTeX 2.9\tex/generic/pgf/utilitie
s\pgfkeys.code.tex"
\pgfkeys@pathtoks=\toks32
\pgfkeys@temptoks=\toks33

("C:\Users\Guilherme\AppData\Local\Programs\MiKTeX 2.9\tex/generic/pgf/utilitie
s\pgfkeysfiltered.code.tex"
\pgfkeys@tmptoks=\toks34
))
\pgf@x=\dimen173
\pgf@y=\dimen174
\pgf@xa=\dimen175
\pgf@ya=\dimen176
\pgf@xb=\dimen177
\pgf@yb=\dimen178
\pgf@xc=\dimen179
\pgf@yc=\dimen180
\pgf@xd=\dimen181
\pgf@yd=\dimen182
\w@pgf@writea=\write4
\r@pgf@reada=\read2
\c@pgf@counta=\count280
\c@pgf@countb=\count281
\c@pgf@countc=\count282
\c@pgf@countd=\count283
\t@pgf@toka=\toks35
\t@pgf@tokb=\toks36
\t@pgf@tokc=\toks37
\pgf@sys@id@count=\count284

("C:\Users\Guilherme\AppData\Local\Programs\MiKTeX 2.9\tex/generic/pgf/systemla
yer\pgf.cfg"
File: pgf.cfg 2019/05/09 v3.1.3 (3.1.3)
)
Driver file for pgf: pgfsys-pdftex.def

("C:\Users\Guilherme\AppData\Local\Programs\MiKTeX 2.9\tex/generic/pgf/systemla
yer\pgfsys-pdftex.def"
File: pgfsys-pdftex.def 2019/05/09 v3.1.3 (3.1.3)

("C:\Users\Guilherme\AppData\Local\Programs\MiKTeX 2.9\tex/generic/pgf/systemla
yer\pgfsys-common-pdf.def"
File: pgfsys-common-pdf.def 2019/05/09 v3.1.3 (3.1.3)
)))
("C:\Users\Guilherme\AppData\Local\Programs\MiKTeX 2.9\tex/generic/pgf/systemla
yer\pgfsyssoftpath.code.tex"
File: pgfsyssoftpath.code.tex 2019/05/09 v3.1.3 (3.1.3)
\pgfsyssoftpath@smallbuffer@items=\count285
\pgfsyssoftpath@bigbuffer@items=\count286
)
("C:\Users\Guilherme\AppData\Local\Programs\MiKTeX 2.9\tex/generic/pgf/systemla
yer\pgfsysprotocol.code.tex"
File: pgfsysprotocol.code.tex 2019/05/09 v3.1.3 (3.1.3)
))
("C:\Users\Guilherme\AppData\Local\Programs\MiKTeX 2.9\tex/generic/pgf/basiclay
er\pgfcore.code.tex"
Package: pgfcore 2019/05/09 v3.1.3 (3.1.3)

("C:\Users\Guilherme\AppData\Local\Programs\MiKTeX 2.9\tex/generic/pgf/math\pgf
math.code.tex"
("C:\Users\Guilherme\AppData\Local\Programs\MiKTeX 2.9\tex/generic/pgf/math\pgf
mathcalc.code.tex"
("C:\Users\Guilherme\AppData\Local\Programs\MiKTeX 2.9\tex/generic/pgf/math\pgf
mathutil.code.tex")
("C:\Users\Guilherme\AppData\Local\Programs\MiKTeX 2.9\tex/generic/pgf/math\pgf
mathparser.code.tex"
\pgfmath@dimen=\dimen183
\pgfmath@count=\count287
\pgfmath@box=\box40
\pgfmath@toks=\toks38
\pgfmath@stack@operand=\toks39
\pgfmath@stack@operation=\toks40
)
("C:\Users\Guilherme\AppData\Local\Programs\MiKTeX 2.9\tex/generic/pgf/math\pgf
mathfunctions.code.tex"
("C:\Users\Guilherme\AppData\Local\Programs\MiKTeX 2.9\tex/generic/pgf/math\pgf
mathfunctions.basic.code.tex")
("C:\Users\Guilherme\AppData\Local\Programs\MiKTeX 2.9\tex/generic/pgf/math\pgf
mathfunctions.trigonometric.code.tex")
("C:\Users\Guilherme\AppData\Local\Programs\MiKTeX 2.9\tex/generic/pgf/math\pgf
mathfunctions.random.code.tex")
("C:\Users\Guilherme\AppData\Local\Programs\MiKTeX 2.9\tex/generic/pgf/math\pgf
mathfunctions.comparison.code.tex")
("C:\Users\Guilherme\AppData\Local\Programs\MiKTeX 2.9\tex/generic/pgf/math\pgf
mathfunctions.base.code.tex")
("C:\Users\Guilherme\AppData\Local\Programs\MiKTeX 2.9\tex/generic/pgf/math\pgf
mathfunctions.round.code.tex")
("C:\Users\Guilherme\AppData\Local\Programs\MiKTeX 2.9\tex/generic/pgf/math\pgf
mathfunctions.misc.code.tex")
("C:\Users\Guilherme\AppData\Local\Programs\MiKTeX 2.9\tex/generic/pgf/math\pgf
mathfunctions.integerarithmetics.code.tex")))
("C:\Users\Guilherme\AppData\Local\Programs\MiKTeX 2.9\tex/generic/pgf/math\pgf
mathfloat.code.tex"
\c@pgfmathroundto@lastzeros=\count288
))
("C:\Users\Guilherme\AppData\Local\Programs\MiKTeX 2.9\tex/generic/pgf/math\pgf
int.code.tex")
("C:\Users\Guilherme\AppData\Local\Programs\MiKTeX 2.9\tex/generic/pgf/basiclay
er\pgfcorepoints.code.tex"
File: pgfcorepoints.code.tex 2019/05/09 v3.1.3 (3.1.3)
\pgf@picminx=\dimen184
\pgf@picmaxx=\dimen185
\pgf@picminy=\dimen186
\pgf@picmaxy=\dimen187
\pgf@pathminx=\dimen188
\pgf@pathmaxx=\dimen189
\pgf@pathminy=\dimen190
\pgf@pathmaxy=\dimen191
\pgf@xx=\dimen192
\pgf@xy=\dimen193
\pgf@yx=\dimen194
\pgf@yy=\dimen256
\pgf@zx=\dimen257
\pgf@zy=\dimen258
)
("C:\Users\Guilherme\AppData\Local\Programs\MiKTeX 2.9\tex/generic/pgf/basiclay
er\pgfcorepathconstruct.code.tex"
File: pgfcorepathconstruct.code.tex 2019/05/09 v3.1.3 (3.1.3)
\pgf@path@lastx=\dimen259
\pgf@path@lasty=\dimen260
)
("C:\Users\Guilherme\AppData\Local\Programs\MiKTeX 2.9\tex/generic/pgf/basiclay
er\pgfcorepathusage.code.tex"
File: pgfcorepathusage.code.tex 2019/05/09 v3.1.3 (3.1.3)
\pgf@shorten@end@additional=\dimen261
\pgf@shorten@start@additional=\dimen262
)
("C:\Users\Guilherme\AppData\Local\Programs\MiKTeX 2.9\tex/generic/pgf/basiclay
er\pgfcorescopes.code.tex"
File: pgfcorescopes.code.tex 2019/05/09 v3.1.3 (3.1.3)
\pgfpic=\box41
\pgf@hbox=\box42
\pgf@layerbox@main=\box43
\pgf@picture@serial@count=\count289
)
("C:\Users\Guilherme\AppData\Local\Programs\MiKTeX 2.9\tex/generic/pgf/basiclay
er\pgfcoregraphicstate.code.tex"
File: pgfcoregraphicstate.code.tex 2019/05/09 v3.1.3 (3.1.3)
\pgflinewidth=\dimen263
)
("C:\Users\Guilherme\AppData\Local\Programs\MiKTeX 2.9\tex/generic/pgf/basiclay
er\pgfcoretransformations.code.tex"
File: pgfcoretransformations.code.tex 2019/05/09 v3.1.3 (3.1.3)
\pgf@pt@x=\dimen264
\pgf@pt@y=\dimen265
\pgf@pt@temp=\dimen266
)
("C:\Users\Guilherme\AppData\Local\Programs\MiKTeX 2.9\tex/generic/pgf/basiclay
er\pgfcorequick.code.tex"
File: pgfcorequick.code.tex 2019/05/09 v3.1.3 (3.1.3)
)
("C:\Users\Guilherme\AppData\Local\Programs\MiKTeX 2.9\tex/generic/pgf/basiclay
er\pgfcoreobjects.code.tex"
File: pgfcoreobjects.code.tex 2019/05/09 v3.1.3 (3.1.3)
)
("C:\Users\Guilherme\AppData\Local\Programs\MiKTeX 2.9\tex/generic/pgf/basiclay
er\pgfcorepathprocessing.code.tex"
File: pgfcorepathprocessing.code.tex 2019/05/09 v3.1.3 (3.1.3)
)
("C:\Users\Guilherme\AppData\Local\Programs\MiKTeX 2.9\tex/generic/pgf/basiclay
er\pgfcorearrows.code.tex"
File: pgfcorearrows.code.tex 2019/05/09 v3.1.3 (3.1.3)
\pgfarrowsep=\dimen267
)
("C:\Users\Guilherme\AppData\Local\Programs\MiKTeX 2.9\tex/generic/pgf/basiclay
er\pgfcoreshade.code.tex"
File: pgfcoreshade.code.tex 2019/05/09 v3.1.3 (3.1.3)
\pgf@max=\dimen268
\pgf@sys@shading@range@num=\count290
\pgf@shadingcount=\count291
)
("C:\Users\Guilherme\AppData\Local\Programs\MiKTeX 2.9\tex/generic/pgf/basiclay
er\pgfcoreimage.code.tex"
File: pgfcoreimage.code.tex 2019/05/09 v3.1.3 (3.1.3)

("C:\Users\Guilherme\AppData\Local\Programs\MiKTeX 2.9\tex/generic/pgf/basiclay
er\pgfcoreexternal.code.tex"
File: pgfcoreexternal.code.tex 2019/05/09 v3.1.3 (3.1.3)
\pgfexternal@startupbox=\box44
))
("C:\Users\Guilherme\AppData\Local\Programs\MiKTeX 2.9\tex/generic/pgf/basiclay
er\pgfcorelayers.code.tex"
File: pgfcorelayers.code.tex 2019/05/09 v3.1.3 (3.1.3)
)
("C:\Users\Guilherme\AppData\Local\Programs\MiKTeX 2.9\tex/generic/pgf/basiclay
er\pgfcoretransparency.code.tex"
File: pgfcoretransparency.code.tex 2019/05/09 v3.1.3 (3.1.3)
)
("C:\Users\Guilherme\AppData\Local\Programs\MiKTeX 2.9\tex/generic/pgf/basiclay
er\pgfcorepatterns.code.tex"
File: pgfcorepatterns.code.tex 2019/05/09 v3.1.3 (3.1.3)
)
("C:\Users\Guilherme\AppData\Local\Programs\MiKTeX 2.9\tex/generic/pgf/basiclay
er\pgfcorerdf.code.tex"
File: pgfcorerdf.code.tex 2019/05/09 v3.1.3 (3.1.3)
)))
("C:\Users\Guilherme\AppData\Local\Programs\MiKTeX 2.9\tex/generic/pgf/modules\
pgfmoduleshapes.code.tex"
File: pgfmoduleshapes.code.tex 2019/05/09 v3.1.3 (3.1.3)
\pgfnodeparttextbox=\box45
)
("C:\Users\Guilherme\AppData\Local\Programs\MiKTeX 2.9\tex/generic/pgf/modules\
pgfmoduleplot.code.tex"
File: pgfmoduleplot.code.tex 2019/05/09 v3.1.3 (3.1.3)
)
("C:\Users\Guilherme\AppData\Local\Programs\MiKTeX 2.9\tex/latex/pgf/compatibil
ity\pgfcomp-version-0-65.sty"
Package: pgfcomp-version-0-65 2019/05/09 v3.1.3 (3.1.3)
\pgf@nodesepstart=\dimen269
\pgf@nodesepend=\dimen270
)
("C:\Users\Guilherme\AppData\Local\Programs\MiKTeX 2.9\tex/latex/pgf/compatibil
ity\pgfcomp-version-1-18.sty"
Package: pgfcomp-version-1-18 2019/05/09 v3.1.3 (3.1.3)
))
("C:\Users\Guilherme\AppData\Local\Programs\MiKTeX 2.9\tex/latex/pgf/utilities\
pgffor.sty"
("C:\Users\Guilherme\AppData\Local\Programs\MiKTeX 2.9\tex/latex/pgf/utilities\
pgfkeys.sty"
("C:\Users\Guilherme\AppData\Local\Programs\MiKTeX 2.9\tex/generic/pgf/utilitie
s\pgfkeys.code.tex"))
("C:\Users\Guilherme\AppData\Local\Programs\MiKTeX 2.9\tex/latex/pgf/math\pgfma
th.sty"
("C:\Users\Guilherme\AppData\Local\Programs\MiKTeX 2.9\tex/generic/pgf/math\pgf
math.code.tex"))
("C:\Users\Guilherme\AppData\Local\Programs\MiKTeX 2.9\tex/generic/pgf/utilitie
s\pgffor.code.tex"
Package: pgffor 2019/05/09 v3.1.3 (3.1.3)

("C:\Users\Guilherme\AppData\Local\Programs\MiKTeX 2.9\tex/generic/pgf/math\pgf
math.code.tex")
\pgffor@iter=\dimen271
\pgffor@skip=\dimen272
\pgffor@stack=\toks41
\pgffor@toks=\toks42
))
("C:\Users\Guilherme\AppData\Local\Programs\MiKTeX 2.9\tex/generic/pgf/frontend
layer/tikz\tikz.code.tex"
Package: tikz 2019/05/09 v3.1.3 (3.1.3)

("C:\Users\Guilherme\AppData\Local\Programs\MiKTeX 2.9\tex/generic/pgf/librarie
s\pgflibraryplothandlers.code.tex"
File: pgflibraryplothandlers.code.tex 2019/05/09 v3.1.3 (3.1.3)
\pgf@plot@mark@count=\count292
\pgfplotmarksize=\dimen273
)
\tikz@lastx=\dimen274
\tikz@lasty=\dimen275
\tikz@lastxsaved=\dimen276
\tikz@lastysaved=\dimen277
\tikzleveldistance=\dimen278
\tikzsiblingdistance=\dimen279
\tikz@figbox=\box46
\tikz@figbox@bg=\box47
\tikz@tempbox=\box48
\tikz@tempbox@bg=\box49
\tikztreelevel=\count293
\tikznumberofchildren=\count294
\tikznumberofcurrentchild=\count295
\tikz@fig@count=\count296

("C:\Users\Guilherme\AppData\Local\Programs\MiKTeX 2.9\tex/generic/pgf/modules\
pgfmodulematrix.code.tex"
File: pgfmodulematrix.code.tex 2019/05/09 v3.1.3 (3.1.3)
\pgfmatrixcurrentrow=\count297
\pgfmatrixcurrentcolumn=\count298
\pgf@matrix@numberofcolumns=\count299
)
\tikz@expandcount=\count300

("C:\Users\Guilherme\AppData\Local\Programs\MiKTeX 2.9\tex/generic/pgf/frontend
layer/tikz/libraries\tikzlibrarytopaths.code.tex"
File: tikzlibrarytopaths.code.tex 2019/05/09 v3.1.3 (3.1.3)
)))
("C:\Users\Guilherme\AppData\Local\Programs\MiKTeX 2.9\tex/generic/pgf/frontend
layer/tikz/libraries\tikzlibraryarrows.code.tex"
File: tikzlibraryarrows.code.tex 2019/05/09 v3.1.3 (3.1.3)

("C:\Users\Guilherme\AppData\Local\Programs\MiKTeX 2.9\tex/generic/pgf/librarie
s\pgflibraryarrows.code.tex"
File: pgflibraryarrows.code.tex 2019/05/09 v3.1.3 (3.1.3)
\arrowsize=\dimen280
))
("C:\Users\Guilherme\AppData\Local\Programs\MiKTeX 2.9\tex/generic/pgf/frontend
layer/tikz/libraries\tikzlibraryshapes.multipart.code.tex"
File: tikzlibraryshapes.multipart.code.tex 2019/05/09 v3.1.3 (3.1.3)

("C:\Users\Guilherme\AppData\Local\Programs\MiKTeX 2.9\tex/generic/pgf/librarie
s/shapes\pgflibraryshapes.multipart.code.tex"
File: pgflibraryshapes.multipart.code.tex 2019/05/09 v3.1.3 (3.1.3)
\pgfnodepartlowerbox=\box50
\pgfnodeparttwobox=\box51
\pgfnodepartthreebox=\box52
\pgfnodepartfourbox=\box53
\pgfnodeparttwentybox=\box54
\pgfnodepartnineteenbox=\box55
\pgfnodeparteighteenbox=\box56
\pgfnodepartseventeenbox=\box57
\pgfnodepartsixteenbox=\box58
\pgfnodepartfifteenbox=\box59
\pgfnodepartfourteenbox=\box60
\pgfnodepartthirteenbox=\box61
\pgfnodeparttwelvebox=\box62
\pgfnodepartelevenbox=\box63
\pgfnodeparttenbox=\box64
\pgfnodepartninebox=\box65
\pgfnodeparteightbox=\box66
\pgfnodepartsevenbox=\box67
\pgfnodepartsixbox=\box68
\pgfnodepartfivebox=\box69
))
("C:\Users\Guilherme\AppData\Local\Programs\MiKTeX 2.9\tex/generic/pgf/frontend
layer/tikz/libraries\tikzlibrarybackgrounds.code.tex"
File: tikzlibrarybackgrounds.code.tex 2019/05/09 v3.1.3 (3.1.3)
\pgf@layerbox@background=\box70
\pgf@layerboxsaved@background=\box71
)
("C:\Users\Guilherme\AppData\Local\Programs\MiKTeX 2.9\tex/generic/pgf/frontend
layer/tikz/libraries\tikzlibraryfit.code.tex"
File: tikzlibraryfit.code.tex 2019/05/09 v3.1.3 (3.1.3)
)
\pgf@layerbox@connectionlayers=\box72
\pgf@layerboxsaved@connectionlayers=\box73
\c@umlcdClassAttributesNum=\count301
\c@umlcdClassOperationsNum=\count302
\c@umlcdClassAbstractClassNum=\count303
\c@umlcdClassInterfaceNum=\count304
\c@umlcdClassSplitPartNum=\count305
)
("C:\Users\Guilherme\AppData\Local\Programs\MiKTeX 2.9\tex/latex/pdfpages\pdfpa
ges.sty"
Package: pdfpages 2017/10/31 v0.5l Insert pages of external PDF documents (AM)
\AM@pagewidth=\dimen281
\AM@pageheight=\dimen282

("C:\Users\Guilherme\AppData\Local\Programs\MiKTeX 2.9\tex/latex/pdfpages\pppdf
tex.def"
File: pppdftex.def 2017/10/31 v0.5l Pdfpages driver for pdfTeX (AM)
)
\AM@pagebox=\box74
\AM@global@opts=\toks43
\AM@toc@title=\toks44
\c@AM@survey=\count306
\AM@templatesizebox=\box75
)

Class memoir Warning: You are using the caption package with the memoir class. 
To prepare we will now reset all captioning macros and configurations to kernel
 defaults, and then let the caption package take over. Please remember to use
 the caption package interfaces in order to
 configure your captions.


("C:\Users\Guilherme\AppData\Local\Programs\MiKTeX 2.9\tex/latex/caption\captio
n.sty"
Package: caption 2018/10/06 v3.3-154 Customizing captions (AR)

("C:\Users\Guilherme\AppData\Local\Programs\MiKTeX 2.9\tex/latex/caption\captio
n3.sty"
Package: caption3 2018/09/12 v1.8c caption3 kernel (AR)
Package caption3 Info: TeX engine: e-TeX on input line 64.
\captionmargin=\dimen283
\captionmargin@=\dimen284
\captionwidth=\dimen285
\caption@tempdima=\dimen286
\caption@indent=\dimen287
\caption@parindent=\dimen288
\caption@hangindent=\dimen289
)
\c@caption@flags=\count307
\c@ContinuedFloat=\count308
Package caption Info: hyperref package is loaded.
Package caption Info: listings package is loaded.
Package caption Info: longtable package is loaded.

("C:\Users\Guilherme\AppData\Local\Programs\MiKTeX 2.9\tex/latex/caption\ltcapt
ion.sty"
Package: ltcaption 2018/08/26 v1.4-95 longtable captions (AR)
))
("C:\Users\Guilherme\AppData\Local\Programs\MiKTeX 2.9\tex/latex/soul\soul.sty"
Package: soul 2003/11/17 v2.4 letterspacing/underlining (mf)
\SOUL@word=\toks45
\SOUL@lasttoken=\toks46
\SOUL@cmds=\toks47
\SOUL@buffer=\toks48
\SOUL@token=\toks49
\SOUL@spaceskip=\skip269
\SOUL@ttwidth=\dimen290
\SOUL@uldp=\dimen291
\SOUL@ulht=\dimen292
)) (fixos/comandos.tex) (fixos/customizacoes.sty) (editaveis/informacoes.tex)
(fixos/informacoes.tex) (fixos/setup.tex
Package hyperref Info: Option `colorlinks' set `true' on input line 16.
)
\tcc@idxfile=\write5
\openout5 = `tcc.idx'.


Writing index file tcc.idx 
(tcc.aux

LaTeX Warning: Label `tabela2' multiply defined.


LaTeX Warning: Label `tabela1' multiply defined.


LaTeX Warning: Label `my-label' multiply defined.


LaTeX Warning: Label `my-label' multiply defined.


LaTeX Warning: Label `my-label' multiply defined.


LaTeX Warning: Label `my-label' multiply defined.


LaTeX Warning: Label `my-label' multiply defined.


LaTeX Warning: Label `my-label' multiply defined.


LaTeX Warning: Label `my-label' multiply defined.


LaTeX Warning: Label `my-label' multiply defined.


LaTeX Warning: Label `my-label' multiply defined.


LaTeX Warning: Label `my-label' multiply defined.


LaTeX Warning: Label `fig:Test' multiply defined.


LaTeX Warning: Label `fig:Test' multiply defined.


LaTeX Warning: Label `fig:Test' multiply defined.


LaTeX Warning: Label `fig:Test' multiply defined.


LaTeX Warning: Label `fig:Test' multiply defined.


LaTeX Warning: Label `fig:Test' multiply defined.


LaTeX Warning: Label `fig:Test' multiply defined.


LaTeX Warning: Label `fig:Test' multiply defined.


LaTeX Warning: Label `fig:Test' multiply defined.


LaTeX Warning: Label `fig:Test' multiply defined.

)
\openout1 = `tcc.aux'.

LaTeX Font Info:    Checking defaults for OML/cmm/m/it on input line 9.
LaTeX Font Info:    ... okay on input line 9.
LaTeX Font Info:    Checking defaults for T1/cmr/m/n on input line 9.
LaTeX Font Info:    ... okay on input line 9.
LaTeX Font Info:    Checking defaults for OT1/cmr/m/n on input line 9.
LaTeX Font Info:    ... okay on input line 9.
LaTeX Font Info:    Checking defaults for OMS/cmsy/m/n on input line 9.
LaTeX Font Info:    ... okay on input line 9.
LaTeX Font Info:    Checking defaults for OMX/cmex/m/n on input line 9.
LaTeX Font Info:    ... okay on input line 9.
LaTeX Font Info:    Checking defaults for U/cmr/m/n on input line 9.
LaTeX Font Info:    ... okay on input line 9.
LaTeX Font Info:    Checking defaults for PD1/pdf/m/n on input line 9.
LaTeX Font Info:    ... okay on input line 9.
LaTeX Font Info:    Try loading font information for T1+lmr on input line 9.
 ("C:\Users\Guilherme\AppData\Local\Programs\MiKTeX 2.9\tex/latex/lm\t1lmr.fd"
File: t1lmr.fd 2009/10/30 v1.6 Font defs for Latin Modern
)
\AtBeginShipoutBox=\box76
Package hyperref Info: Link coloring ON on input line 9.

("C:\Users\Guilherme\AppData\Local\Programs\MiKTeX 2.9\tex/latex/hyperref\namer
ef.sty"
Package: nameref 2016/05/21 v2.44 Cross-referencing by name of section

("C:\Users\Guilherme\AppData\Local\Programs\MiKTeX 2.9\tex/generic/oberdiek\get
titlestring.sty"
Package: gettitlestring 2016/05/16 v1.5 Cleanup title references (HO)
)
\c@section@level=\count309
)
Redoing nameref's sectioning
Redoing nameref's label
LaTeX Info: Redefining \nameref on input line 9.
LaTeX Info: Redefining \ref on input line 9.
LaTeX Info: Redefining \pageref on input line 9.
LaTeX Info: Redefining \nameref on input line 9.
LaTeX Info: Redefining \degres on input line 9.
LaTeX Info: Redefining \dots on input line 9.
LaTeX Info: Redefining \up on input line 9.
\myptabbox=\box77
\myptabboxwidth=\skip270
Package lastpage Info: Please have a look at the pageslts package at
(lastpage)             https://www.ctan.org/pkg/pageslts
(lastpage)             ! on input line 9.

("C:\Users\Guilherme\AppData\Local\Programs\MiKTeX 2.9\tex/context/base/mkii\su
pp-pdf.mkii"
[Loading MPS to PDF converter (version 2006.09.02).]
\scratchcounter=\count310
\scratchdimen=\dimen293
\scratchbox=\box78
\nofMPsegments=\count311
\nofMParguments=\count312
\everyMPshowfont=\toks50
\MPscratchCnt=\count313
\MPscratchDim=\dimen294
\MPnumerator=\count314
\makeMPintoPDFobject=\count315
\everyMPtoPDFconversion=\toks51
)
("C:\Users\Guilherme\AppData\Local\Programs\MiKTeX 2.9\tex/latex/oberdiek\epsto
pdf-base.sty"
Package: epstopdf-base 2016/05/15 v2.6 Base part for package epstopdf

("C:\Users\Guilherme\AppData\Local\Programs\MiKTeX 2.9\tex/latex/oberdiek\grfex
t.sty"
Package: grfext 2016/05/16 v1.2 Manage graphics extensions (HO)
)
Package epstopdf-base Info: Redefining graphics rule for `.eps' on input line 4
38.
Package grfext Info: Graphics extension search list:
(grfext)             [.pdf,.png,.jpg,.mps,.jpeg,.jbig2,.jb2,.PDF,.PNG,.JPG,.JPE
G,.JBIG2,.JB2,.eps]
(grfext)             \AppendGraphicsExtensions on input line 456.
)
LaTeX Info: Redefining \celsius on input line 9.
Package gensymb Info: Faking symbols for \degree and \celsius on input line 9.


Package gensymb Warning: Not defining \perthousand.

LaTeX Info: Redefining \ohm on input line 9.
Package gensymb Info: Using \Omega for \ohm on input line 9.

Package gensymb Warning: Not defining \micro.

\c@lstlisting=\count316
ABD: EveryShipout initializing macros
Package caption Info: Begin \AtBeginDocument code.
Package caption Info: End \AtBeginDocument code.
LaTeX Font Info:    Try loading font information for T1+lmss on input line 12.

("C:\Users\Guilherme\AppData\Local\Programs\MiKTeX 2.9\tex/latex/lm\t1lmss.fd"
File: t1lmss.fd 2009/10/30 v1.6 Font defs for Latin Modern
)
Package epstopdf Info: Source file: <figuras/capa.eps>
(epstopdf)                    date: 2019-06-12 17:17:52
(epstopdf)                    size: 1696648 bytes
(epstopdf)             Output file: <figuras/capa-eps-converted-to.pdf>
(epstopdf)                    date: 2019-06-17 15:27:22
(epstopdf)                    size: 3968 bytes
(epstopdf)             Command: <epstopdf --outfile=figuras/capa-eps-converted-
to.pdf figuras/capa.eps>
(epstopdf)             \includegraphics on input line 12.
Package epstopdf Info: Output file is already uptodate.


pdfTeX warning: pdflatex.exe (file ./figuras/capa-eps-converted-to.pdf): PDF in
clusion: found PDF version <1.7>, but at most version <1.5> allowed
<figuras/capa-eps-converted-to.pdf, id=7, 814.04124pt x 1149.29375pt>
File: figuras/capa-eps-converted-to.pdf Graphic file (type pdf)
<use figuras/capa-eps-converted-to.pdf>
Package pdftex.def Info: figuras/capa-eps-converted-to.pdf  used on input line 
12.
(pdftex.def)             Requested size: 597.52437pt x 843.6072pt.
[1

{C:/Users/Guilherme/AppData/Local/MiKTeX/2.9/pdftex/config/pdftex.map} <./figur
as/capa-eps-converted-to.pdf>] [2

]
LaTeX Font Info:    Try loading font information for OT1+lmr on input line 14.

("C:\Users\Guilherme\AppData\Local\Programs\MiKTeX 2.9\tex/latex/lm\ot1lmr.fd"
File: ot1lmr.fd 2009/10/30 v1.6 Font defs for Latin Modern
)<<ot1.cmap>>
LaTeX Font Info:    Try loading font information for OML+lmm on input line 14.

("C:\Users\Guilherme\AppData\Local\Programs\MiKTeX 2.9\tex/latex/lm\omllmm.fd"
File: omllmm.fd 2009/10/30 v1.6 Font defs for Latin Modern
)<<oml.cmap>>
LaTeX Font Info:    Try loading font information for OMS+lmsy on input line 14.


("C:\Users\Guilherme\AppData\Local\Programs\MiKTeX 2.9\tex/latex/lm\omslmsy.fd"
File: omslmsy.fd 2009/10/30 v1.6 Font defs for Latin Modern
)<<oms.cmap>>
LaTeX Font Info:    Try loading font information for OMX+lmex on input line 14.


("C:\Users\Guilherme\AppData\Local\Programs\MiKTeX 2.9\tex/latex/lm\omxlmex.fd"
File: omxlmex.fd 2009/10/30 v1.6 Font defs for Latin Modern
)
LaTeX Font Info:    External font `lmex10' loaded for size
(Font)              <12> on input line 14.
<<omx.cmap>>
LaTeX Font Info:    External font `lmex10' loaded for size
(Font)              <8> on input line 14.
LaTeX Font Info:    External font `lmex10' loaded for size
(Font)              <6> on input line 14.
pdfTeX warning (ext4): destination with the same identifier (name{page.1}) has 
been already used, duplicate ignored
<to be read again> 
                   \relax 
l.14 
      [1


]pdfTeX warning (ext4): destination with the same identifier (name{page.2}) has
 been already used, duplicate ignored
<to be read again> 
                   \relax 
l.14 
      [2

] (fixos/fichaCatalografica.tex
Underfull \hbox (badness 10000) in paragraph at lines 12--13

 []


Underfull \hbox (badness 10000) in paragraph at lines 14--15

 []


Overfull \hbox (16.44858pt too wide) in paragraph at lines 16--19
[]  [] 
 []


Underfull \hbox (badness 10000) in paragraph at lines 16--19

 []


Underfull \hbox (badness 10000) in paragraph at lines 20--27

 []


Underfull \hbox (badness 10000) in paragraph at lines 28--29

 []

LaTeX Font Info:    External font `lmex10' loaded for size
(Font)              <10> on input line 30.
LaTeX Font Info:    External font `lmex10' loaded for size
(Font)              <7> on input line 30.
LaTeX Font Info:    External font `lmex10' loaded for size
(Font)              <5> on input line 30.
) (editaveis/errata.tex) (fixos/folhaDeAprovacao.tex [3] [4

])
(editaveis/dedicatoria.tex [5

] [6

]) (editaveis/agradecimentos.tex [7

] [8

])
(editaveis/epigrafe.tex [9] [10

]) (editaveis/resumo.tex [11] [12

])
(editaveis/abstract.tex [13] [14

]) (fixos/listasAutomaticas.tex (tcc.lof
Underfull \vbox (badness 2564) has occurred while \output is active []

 [15])
[16] (tcc.lot) [17

] [18

]) (editaveis/abreviaturas.tex) (editaveis/simbolos.tex) (fixos/indiceAutomatic
o.tex (tcc.toc
LaTeX Font Info:    Font shape `T1/lmss/bx/it' in size <12> not available
(Font)              Font shape `T1/lmss/bx/sl' tried instead on input line 36.
LaTeX Font Info:    Font shape `T1/lmss/m/it' in size <12> not available
(Font)              Font shape `T1/lmss/m/sl' tried instead on input line 39.
 [19]
LaTeX Font Info:    External font `lmex10' loaded for size
(Font)              <14.4> on input line 68.

Overfull \hbox (1.5877pt too wide) detected at line 92
 \T1/lmss/bx/n/12 107
 []


Overfull \hbox (1.5877pt too wide) detected at line 96
 \T1/lmss/bx/n/12 109
 []

) [20]) (editaveis/introducao.tex
LaTeX Font Info:    Try loading font information for OMS+lmr on input line 29.

("C:\Users\Guilherme\AppData\Local\Programs\MiKTeX 2.9\tex/latex/lm\omslmr.fd"
File: omslmr.fd 2009/10/30 v1.6 Font defs for Latin Modern
)
LaTeX Font Info:    Font shape `OMS/lmr/m/n' in size <12> not available
(Font)              Font shape `OMS/lmsy/m/n' tried instead on input line 29.

Overfull \hbox (25.46074pt too wide) in paragraph at lines 29--30
[]\T1/lmr/m/n/12 Controle de uma C-mera CMOS (do in-gls \T1/lmr/m/it/12 Com-p
le-men-tary Metal-Oxide-Semiconductor\T1/lmr/m/n/12 ); 
 []

[21


]) (editaveis/aspectosgerais.tex) (editaveis/consideracoes.tex [22]
<figuras/categoria_satellite.PNG, id=435, 690.32906pt x 395.97937pt>
File: figuras/categoria_satellite.PNG Graphic file (type png)
<use figuras/categoria_satellite.PNG>
Package pdftex.def Info: figuras/categoria_satellite.PNG  used on input line 14
.
(pdftex.def)             Requested size: 379.68216pt x 217.78932pt.
 [23

 <./figuras/categoria_satellite.PNG>]
<figuras/lancamentoPequenoSatellite.PNG, id=445, 713.66624pt x 448.67625pt>
File: figuras/lancamentoPequenoSatellite.PNG Graphic file (type png)
<use figuras/lancamentoPequenoSatellite.PNG>
Package pdftex.def Info: figuras/lancamentoPequenoSatellite.PNG  used on input 
line 28.
(pdftex.def)             Requested size: 392.51764pt x 246.77269pt.
<figuras/cubesatVariacoes.PNG, id=451, 548.80031pt x 265.74281pt>
File: figuras/cubesatVariacoes.PNG Graphic file (type png)
<use figuras/cubesatVariacoes.PNG>
Package pdftex.def Info: figuras/cubesatVariacoes.PNG  used on input line 42.
(pdftex.def)             Requested size: 318.30438pt x 154.13094pt.


LaTeX Warning: `h' float specifier changed to `ht'.

[24 <./figuras/lancamentoPequenoSatellite.PNG>]
Overfull \hbox (1.86201pt too wide) in paragraph at lines 55--56
\T1/lmr/m/n/12 para o Pa-dro Cu-be-Sat. Em 2003, Puig-Suari e Cal-Poly de-sen-
vol-ve-ram o \T1/lmr/m/it/12 Poly-PicoSatellite
 []

<figuras/cubesat3u+.PNG, id=464, 810.77907pt x 524.71031pt>
File: figuras/cubesat3u+.PNG Graphic file (type png)
<use figuras/cubesat3u+.PNG>
Package pdftex.def Info: figuras/cubesat3u+.PNG  used on input line 63.
(pdftex.def)             Requested size: 445.92987pt x 288.59155pt.

Underfull \vbox (badness 1502) has occurred while \output is active []

 [25 <./figuras/cubesatVariacoes.PNG>] [26 <./figuras/cubesat3u+.PNG>] [27]
<figuras/estrutura_satellite.png, id=481, 701.2599pt x 213.9192pt>
File: figuras/estrutura_satellite.png Graphic file (type png)
<use figuras/estrutura_satellite.png>
Package pdftex.def Info: figuras/estrutura_satellite.png  used on input line 98
.
(pdftex.def)             Requested size: 399.7223pt x 121.9352pt.
<figuras/cubesat-structure-main.jpg, id=485, 602.25pt x 401.5pt>
File: figuras/cubesat-structure-main.jpg Graphic file (type jpg)
<use figuras/cubesat-structure-main.jpg>
Package pdftex.def Info: figuras/cubesat-structure-main.jpg  used on input line
 119.
(pdftex.def)             Requested size: 271.01pt x 180.67332pt.
 [28 <./figuras/estrutura_satellite.png> <./figuras/cubesat-structure-main.jpg>
]
<figuras/eps.png, id=493, 120.45pt x 81.1833pt>
File: figuras/eps.png Graphic file (type png)
<use figuras/eps.png>
Package pdftex.def Info: figuras/eps.png  used on input line 133.
(pdftex.def)             Requested size: 264.98895pt x 178.60257pt.
<figuras/aodcs.png, id=497, 120.45pt x 56.8524pt>
File: figuras/aodcs.png Graphic file (type png)
<use figuras/aodcs.png>
Package pdftex.def Info: figuras/aodcs.png  used on input line 147.
(pdftex.def)             Requested size: 325.21379pt x 153.50089pt.
 [29 <./figuras/eps.png> <./figuras/aodcs.png>]
<figuras/tt_c.png, id=509, 120.45pt x 42.1575pt>
File: figuras/tt_c.png Graphic file (type png)
<use figuras/tt_c.png>
Package pdftex.def Info: figuras/tt_c.png  used on input line 161.
(pdftex.def)             Requested size: 264.98895pt x 92.7461pt.
<figuras/Cubesat-OBC-module-1.jpg, id=511, 1927.2pt x 1084.05pt>
File: figuras/Cubesat-OBC-module-1.jpg Graphic file (type jpg)
<use figuras/Cubesat-OBC-module-1.jpg>
Package pdftex.def Info: figuras/Cubesat-OBC-module-1.jpg  used on input line 1
76.
(pdftex.def)             Requested size: 385.43318pt x 216.80615pt.

Underfull \vbox (badness 2005) has occurred while \output is active []

 [30 <./figuras/tt_c.png> <./figuras/Cubesat-OBC-module-1.jpg>] [31]
<figuras/floripasatobdh.PNG, id=524, 633.11531pt x 414.79968pt>
File: figuras/floripasatobdh.PNG Graphic file (type png)
<use figuras/floripasatobdh.PNG>
Package pdftex.def Info: figuras/floripasatobdh.PNG  used on input line 222.
(pdftex.def)             Requested size: 316.55687pt x 207.39934pt.
<figuras/openObc.PNG, id=525, 411.03563pt x 371.13657pt>
File: figuras/openObc.PNG Graphic file (type png)
<use figuras/openObc.PNG>
Package pdftex.def Info: figuras/openObc.PNG  used on input line 240.
(pdftex.def)             Requested size: 164.41133pt x 148.45198pt.
 [32 <./figuras/floripasatobdh.PNG>]
<figuras/isis.PNG, id=532, 538.26094pt x 396.7322pt>
File: figuras/isis.PNG Graphic file (type png)
<use figuras/isis.PNG>
Package pdftex.def Info: figuras/isis.PNG  used on input line 258.
(pdftex.def)             Requested size: 236.83554pt x 174.5627pt.
 [33 <./figuras/openObc.PNG> <./figuras/isis.PNG>]
<figuras/fm430.PNG, id=542, 701.62125pt x 551.05875pt>
File: figuras/fm430.PNG Graphic file (type png)
<use figuras/fm430.PNG>
Package pdftex.def Info: figuras/fm430.PNG  used on input line 275.
(pdftex.def)             Requested size: 385.89287pt x 303.08324pt.
 [34 <./figuras/fm430.PNG>] [35]
<figuras/pc104.PNG, id=558, 587.19376pt x 547.2947pt>
File: figuras/pc104.PNG Graphic file (type png)
<use figuras/pc104.PNG>
Package pdftex.def Info: figuras/pc104.PNG  used on input line 342.
(pdftex.def)             Requested size: 322.95757pt x 301.013pt.
 [36 <./figuras/pc104.PNG>]
<figuras/radiation.jpg, id=565, 488.3043pt x 146.7081pt>
File: figuras/radiation.jpg Graphic file (type jpg)
<use figuras/radiation.jpg>
Package pdftex.def Info: figuras/radiation.jpg  used on input line 368.
(pdftex.def)             Requested size: 268.56819pt x 80.6897pt.


LaTeX Warning: `h' float specifier changed to `ht'.


LaTeX Warning: `h' float specifier changed to `ht'.

[37 <./figuras/radiation.jpg>] [38] [39] [40

]
Underfull \vbox (badness 10000) has occurred while \output is active []

 [41]
[42]
<figuras/arm-cortex-m-series-performance-graph.jpg, id=601, 1032.85875pt x 651.
43375pt>
File: figuras/arm-cortex-m-series-performance-graph.jpg Graphic file (type jpg)

<use figuras/arm-cortex-m-series-performance-graph.jpg>
Package pdftex.def Info: figuras/arm-cortex-m-series-performance-graph.jpg  use
d on input line 591.
(pdftex.def)             Requested size: 413.13618pt x 260.56888pt.


LaTeX Warning: `h' float specifier changed to `ht'.

[43]
<figuras/msp432.PNG, id=607, 509.65407pt x 304.13625pt>
File: figuras/msp432.PNG Graphic file (type png)
<use figuras/msp432.PNG>
Package pdftex.def Info: figuras/msp432.PNG  used on input line 608.
(pdftex.def)             Requested size: 407.7238pt x 243.30933pt.


LaTeX Warning: `h' float specifier changed to `ht'.

[44 <./figuras/arm-cortex-m-series-performance-graph.jpg>] [45 <./figuras/msp43
2.PNG>]

LaTeX Warning: `h' float specifier changed to `ht'.

[46] [47]
<figuras/currentSensor.PNG, id=634, 308.65312pt x 249.93375pt>
File: figuras/currentSensor.PNG Graphic file (type png)
<use figuras/currentSensor.PNG>
Package pdftex.def Info: figuras/currentSensor.PNG  used on input line 730.
(pdftex.def)             Requested size: 154.32617pt x 124.96657pt.


LaTeX Warning: `h' float specifier changed to `ht'.

[48]
<figuras/mpu9250.PNG, id=643, 893.58844pt x 414.04688pt>
File: figuras/mpu9250.PNG Graphic file (type png)
<use figuras/mpu9250.PNG>
Package pdftex.def Info: figuras/mpu9250.PNG  used on input line 780.
(pdftex.def)             Requested size: 357.42905pt x 165.6158pt.

Overfull \hbox (7.05054pt too wide) in paragraph at lines 789--790
\T1/lmr/m/n/12 ra-tura de-di-cado  essa fun-o  ideal, pois as fun-es pri-
m-rias do MPU9250/MSP432P4111
 []

[49 <./figuras/currentSensor.PNG> <./figuras/mpu9250.PNG>]
<figuras/MCP9700.PNG, id=651, 230.36063pt x 133.24782pt>
File: figuras/MCP9700.PNG Graphic file (type png)
<use figuras/MCP9700.PNG>
Package pdftex.def Info: figuras/MCP9700.PNG  used on input line 799.
(pdftex.def)             Requested size: 138.21742pt x 79.9493pt.

Overfull \hbox (56.06036pt too wide) in paragraph at lines 793--804
\T1/lmr/m/n/12 ra-das da fi-cha tc-nica do sen-sor. http://ww1.microchip.com/d
ownloads/en/devicedoc/20001942g.pdf
 []

LaTeX Font Info:    Font shape `T1/lmss/m/it' in size <17.28> not available
(Font)              Font shape `T1/lmss/m/sl' tried instead on input line 816.

LaTeX Warning: `h' float specifier changed to `ht'.

[50 <./figuras/MCP9700.PNG>]
<figuras/pc104_32bit.PNG, id=662, 548.0475pt x 500.62032pt>
File: figuras/pc104_32bit.PNG Graphic file (type png)
<use figuras/pc104_32bit.PNG>
Package pdftex.def Info: figuras/pc104_32bit.PNG  used on input line 853.
(pdftex.def)             Requested size: 383.63063pt x 350.43182pt.

Underfull \vbox (badness 8056) has occurred while \output is active []

 [51 <./figuras/pc104_32bit.PNG>]
LaTeX Font Info:    Font shape `T1/lmss/m/it' in size <14.4> not available
(Font)              Font shape `T1/lmss/m/sl' tried instead on input line 888.
 [52]
<pcb_v1.pdf, id=675, page=1, 845.1575pt x 598.235pt>
File: pcb_v1.pdf Graphic file (type pdf)
<use pcb_v1.pdf, page 1>
Package pdftex.def Info: pcb_v1.pdf , page1 used on input line 930.
(pdftex.def)             Requested size: 455.0pt x 322.07448pt.

Overfull \hbox (14.22638pt too wide) in paragraph at lines 929--932
 [][] 
 []

[53 <./pcb_v1.pdf>]
<figuras/pcbRealistic.PNG, id=688, 513.41812pt x 343.2825pt>
File: figuras/pcbRealistic.PNG Graphic file (type png)
<use figuras/pcbRealistic.PNG>
Package pdftex.def Info: figuras/pcbRealistic.PNG  used on input line 957.
(pdftex.def)             Requested size: 400.46451pt x 267.75926pt.
 [54 <./figuras/pcbRealistic.PNG>] [55

]
<figuras/arquiteturaSof.PNG, id=702, 712.91344pt x 152.82094pt>
File: figuras/arquiteturaSof.PNG Graphic file (type png)
<use figuras/arquiteturaSof.PNG>
Package pdftex.def Info: figuras/arquiteturaSof.PNG  used on input line 1014.
(pdftex.def)             Requested size: 499.03601pt x 106.9739pt.

Overfull \hbox (44.03601pt too wide) in paragraph at lines 1014--1015
 [][] 
 []

[56 <./figuras/arquiteturaSof.PNG>] [57]
("C:\Users\Guilherme\AppData\Local\Programs\MiKTeX 2.9\tex/latex/listings\lstla
ng1.sty"
File: lstlang1.sty 2019/02/27 1.8b listings language file
)
("C:\Users\Guilherme\AppData\Local\Programs\MiKTeX 2.9\tex/latex/listings\lstmi
sc.sty"
File: lstmisc.sty 2019/02/27 1.8b (Carsten Heinz)
)
Package hyperref Info: bookmark level for unknown lstlisting defaults to 0 on i
nput line 1082.
LaTeX Font Info:    Try loading font information for T1+lmtt on input line 1082
.

("C:\Users\Guilherme\AppData\Local\Programs\MiKTeX 2.9\tex/latex/lm\t1lmtt.fd"
File: t1lmtt.fd 2009/10/30 v1.6 Font defs for Latin Modern
)
LaTeX Font Info:    Font shape `T1/lmtt/bx/n' in size <10.95> not available
(Font)              Font shape `T1/lmtt/b/n' tried instead on input line 1095.

Overfull \hbox (0.30493pt too wide) in paragraph at lines 1095--1096
[][][][][][][][][][][][][][][][] 
 []


LaTeX Warning: `h' float specifier changed to `ht'.

[58] [59]
<figuras/freertosTasks.PNG, id=745, 449.42906pt x 406.51875pt>
File: figuras/freertosTasks.PNG Graphic file (type png)
<use figuras/freertosTasks.PNG>
Package pdftex.def Info: figuras/freertosTasks.PNG  used on input line 1144.
(pdftex.def)             Requested size: 359.54372pt x 325.21542pt.

Underfull \vbox (badness 10000) has occurred while \output is active []

 [60 <./figuras/freertosTasks.PNG>]

LaTeX Warning: `h' float specifier changed to `ht'.

[61] [62] [63]
<figuras/stateMachine.png, id=767, 749.04843pt x 343.2825pt>
File: figuras/stateMachine.png Graphic file (type png)
<use figuras/stateMachine.png>
Package pdftex.def Info: figuras/stateMachine.png  used on input line 1303.
(pdftex.def)             Requested size: 464.40523pt x 212.83293pt.

Overfull \hbox (9.40523pt too wide) in paragraph at lines 1303--1304
 [][] 
 []


LaTeX Warning: `h' float specifier changed to `ht'.

[64]
<figuras/flowChart_obc.png, id=783, 222.8325pt x 458.46281pt>
File: figuras/flowChart_obc.png Graphic file (type png)
<use figuras/flowChart_obc.png>
Package pdftex.def Info: figuras/flowChart_obc.png  used on input line 1316.
(pdftex.def)             Requested size: 133.70053pt x 275.0798pt.
 [65 <./figuras/stateMachine.png> <./figuras/flowChart_obc.png>]
<figuras/CSS.png, id=792, 1041.8925pt x 1096.095pt>
File: figuras/CSS.png Graphic file (type png)
<use figuras/CSS.png>
Package pdftex.def Info: figuras/CSS.png  used on input line 1331.
(pdftex.def)             Requested size: 312.57016pt x 328.83104pt.
 [66 <./figuras/CSS.png>]
<figuras/protoboard.png, id=801, 2299.6314pt x 716.6775pt>
File: figuras/protoboard.png Graphic file (type png)
<use figuras/protoboard.png>
Package pdftex.def Info: figuras/protoboard.png  used on input line 1359.
(pdftex.def)             Requested size: 344.92982pt x 107.49698pt.
<figuras/trace_snapshoot.png, id=802, 737.00343pt x 453.19313pt>
File: figuras/trace_snapshoot.png Graphic file (type png)
<use figuras/trace_snapshoot.png>
Package pdftex.def Info: figuras/trace_snapshoot.png  used on input line 1372.
(pdftex.def)             Requested size: 368.50081pt x 226.59601pt.
 [67

 <./figuras/protoboard.png> <./figuras/trace_snapshoot.png>]
<figuras/telemetryPacket.png, id=810, 597.1911pt x 132.2541pt>
File: figuras/telemetryPacket.png Graphic file (type png)
<use figuras/telemetryPacket.png>
Package pdftex.def Info: figuras/telemetryPacket.png  used on input line 1388.
(pdftex.def)             Requested size: 298.59482pt x 66.12688pt.

Overfull \hbox (92.61792pt too wide) in alignment at lines 1395--1400
 [] [] [] [] 
 []


Overfull \hbox (92.61792pt too wide) in alignment at lines 1400--1402
 [] [] [] [] 
 []


Overfull \hbox (92.61792pt too wide) in alignment at lines 1402--1412
 [] [] [] [] 
 []

<figuras/telemetryData.PNG, id=813, 934.99312pt x 523.9575pt>
File: figuras/telemetryData.PNG Graphic file (type png)
<use figuras/telemetryData.PNG>
Package pdftex.def Info: figuras/telemetryData.PNG  used on input line 1419.
(pdftex.def)             Requested size: 467.4954pt x 261.9781pt.

Overfull \hbox (12.4954pt too wide) in paragraph at lines 1419--1420
 [][] 
 []


Underfull \vbox (badness 10000) has occurred while \output is active []

 [68 <./figuras/telemetryPacket.png>] [69 <./figuras/telemetryData.PNG>]
<figuras/hibernatexNormal.PNG, id=823, 987.69pt x 392.21532pt>
File: figuras/hibernatexNormal.PNG Graphic file (type png)
<use figuras/hibernatexNormal.PNG>
Package pdftex.def Info: figuras/hibernatexNormal.PNG  used on input line 1444.

(pdftex.def)             Requested size: 464.21437pt x 184.34122pt.

Overfull \hbox (9.21437pt too wide) in paragraph at lines 1444--1445
 [][] 
 []

<figuras/hibernatexLBM.PNG, id=824, 989.94844pt x 398.99063pt>
File: figuras/hibernatexLBM.PNG Graphic file (type png)
<use figuras/hibernatexLBM.PNG>
Package pdftex.def Info: figuras/hibernatexLBM.PNG  used on input line 1454.
(pdftex.def)             Requested size: 465.27583pt x 187.52562pt.

Overfull \hbox (10.27583pt too wide) in paragraph at lines 1454--1455
 [][] 
 []

[70 <./figuras/hibernatexNormal.PNG> <./figuras/hibernatexLBM.PNG>] [71]
[72

]
Underfull \vbox (badness 10000) has occurred while \output is active []

 [73])
(editaveis/textoepostexto.tex) (editaveis/elementosdotexto.tex)
(editaveis/elementosdopostexto.tex) (editaveis/refPrev.tex [74]
Overfull \hbox (10.7293pt too wide) in paragraph at lines 13--14
\T1/lmr/m/n/12 freertos . org / Documentation / 161204 _ Mastering _ the _ Free
RTOS _ Real _ Time _ Kernel-[]A _
 []


Overfull \hbox (10.7293pt too wide) in paragraph at lines 15--16
\T1/lmr/m/n/12 freertos . org / Documentation / 161204 _ Mastering _ the _ Free
RTOS _ Real _ Time _ Kernel-[]A _
 []


Overfull \hbox (1.55292pt too wide) in paragraph at lines 17--18
\T1/lmr/m/n/12 eng . auburn . edu / ~baskiyar / MyArticles / Survey-[]of-[]RTOS
-[]Informatica . pdf>[]$[][]. Acesso em: 06
 []


Overfull \hbox (10.36646pt too wide) in paragraph at lines 19--20
\T1/lmr/m/n/12 ac . za / bitstream / handle / 10019 . 1 / 18040 / botma _ desig
n _ 2011 . pdf ? sequence = 2 & isAllowed =
 []


Underfull \vbox (badness 10000) has occurred while \output is active []

 [75

]
Overfull \hbox (20.94362pt too wide) in paragraph at lines 23--24
\T1/lmr/m/n/12 5418c831e4b0fa4ecac1bacd / t / 56e9b62337013b6c063a655a / 145815
7095454 / cds _ rev13 _ nal2 .
 []


Overfull \hbox (6.06865pt too wide) in paragraph at lines 25--27
\T1/lmr/m/n/12 2004. Dis-po-n-vel em: [][]$<[]http : / / www . crn2 . inpe . b
r / conasat1 / projetos _ cubesat / subsistemas /
 []


Overfull \hbox (51.21906pt too wide) in paragraph at lines 25--27
\T1/lmr/m/n/12 TCS / COMPASS-[]1 % 20-[] % 20TCS % 20-[] % 20Design % 20of % 20
the % 20Thermal % 20Control % 20System .
 []


Overfull \hbox (1.5842pt too wide) in paragraph at lines 28--29
\T1/lmr/m/n/12 0101-[]Thinking-[]Outside-[]the-[]Box-[]Space-[]Science-[]Beyond
-[]the-[]CubeSat . pdf>[]$[][]. Acesso em: 25
 []


Overfull \hbox (15.77225pt too wide) in paragraph at lines 30--31
\T1/lmr/m/n/12 [S.l.: s.n.], 2015. 59 p. Dis-po-n-vel em: [][]$<[]https : / / 
www . qb50 . eu / index . php / tech-[]docs / category /
 []


Overfull \hbox (9.05698pt too wide) in paragraph at lines 42--43
\T1/lmr/m/n/12 %20Small % 20Satellites % 20Economic % 20Trends % 20Dec % 202016
-[]FINAL . pdf>[]$[][]. Acesso em:
 []


Underfull \vbox (badness 10000) has occurred while \output is active []

 [76]
Overfull \hbox (22.35779pt too wide) in paragraph at lines 44--45
\T1/lmr/m/n/12 sites / default / les / les / NP-[]2015-[]03-[]015-[]JSC _ Spa
ce _ Environment-[]ISS-[]Mini-[]Book-[]2015-[]508 .
 []


Overfull \hbox (0.80724pt too wide) in paragraph at lines 46--47
\T1/lmr/m/n/12 revistapesquisa . fapesp . br / wp-[]content / uploads / 2012 / 
05 / 040-[]041-[]180 . pdf>[]$[][]. Acesso em: 25
 []


Overfull \hbox (2.30841pt too wide) in paragraph at lines 48--49
\T1/lmr/m/n/12 calpoly . edu / cgi / viewcontent . cgi ? article = 1054 & conte
xt = aerosp>[]$[][]. Acesso em: 17 jun. 2018. 
 []


Overfull \hbox (21.08894pt too wide) in paragraph at lines 50--51
\T1/lmr/m/n/12 gov / sites / default / les / atoms / les / small _ spacecraft
 _ technology _ state _ of _ the _ art _ 2015 _
 []


Overfull \hbox (1.23643pt too wide) in paragraph at lines 52--53
\T1/lmr/m/n/12 04 / description-[]of-[]the-[]globalstar-[]system-[]gs-[]tr-[]94
-[]0001-[]rev-[]e-[]2000-[]12-[]07 . pdf>[]$[][]. Acesso em:
 []


Overfull \hbox (9.94125pt too wide) in paragraph at lines 56--57
\T1/lmr/m/n/12 INVENSENSE. MPU-9250 Pro-duct Spe-ci-fi-ca-tion Re-vi-sion 1.1. 
2018. Dis-po-n-vel em: [][]$<[]https :
 []


Overfull \hbox (18.95828pt too wide) in paragraph at lines 56--57
\T1/lmr/m/n/12 / / www . invensense . com / wp-[]content / uploads / 2015 / 02 
/ PS-[]MPU-[]9250A-[]01-[]v1 . 1 . pdf>[]$[][]. Acesso
 []


Underfull \vbox (badness 10000) has occurred while \output is active []

 [77]
Overfull \hbox (14.07753pt too wide) in paragraph at lines 68--69
\T1/lmr/m/n/12 category / QB50 _ system _ requirements _ issue _ 606e0 . pdf ? 
download = 58 : qb50-[]docs>[]$[][]. Acesso
 []


Overfull \hbox (31.05078pt too wide) in paragraph at lines 70--71
\T1/lmr/m/n/12 com / cubesat-[]components / structures-[]and-[]deployable-[]mec
hanisms / cubesat-[]structure / >[]$[][]. Acesso
 []


Overfull \hbox (17.24104pt too wide) in paragraph at lines 74--75
\T1/lmr/m/n/12 em: [][]$<[]https : / / pdfs . semanticscholar . org / a13e / 52
893d0fa3d08b2ce9e03b0b7e9592848a4f . pdf>[]$[][].
 []


Overfull \hbox (10.06009pt too wide) in paragraph at lines 76--77
\T1/lmr/m/n/12 s.n.], 2008. 25 p. Dis-po-n-vel em: [][]$<[]https : / / pc104 .
 org / wp-[]content / uploads / 2015 / 02 / PC104 _
 []


Overfull \hbox (10.06009pt too wide) in paragraph at lines 78--79
\T1/lmr/m/n/12 s.n.], 2008. 33 p. Dis-po-n-vel em: [][]$<[]https : / / pc104 .
 org / wp-[]content / uploads / 2015 / 02 / PC104 _
 []


Overfull \hbox (2.78181pt too wide) in paragraph at lines 80--81
\T1/lmr/m/n/12 36 p. Dis-po-n-vel em: [][]$<[]https : / / trs . jpl . nasa . g
ov / bitstream / handle / 2014 / 7193 / 03-[]0863 . pdf ?
 []


Underfull \vbox (badness 10000) has occurred while \output is active []

 [78]
Overfull \hbox (2.9379pt too wide) in paragraph at lines 86--87
[][]$\T1/lmr/m/n/12 <[]https : / / www . sciencedirect . com / science / articl
e / pii / S0094576511003742>[]$[][]. Acesso em: 11
 []


Overfull \hbox (23.26237pt too wide) in paragraph at lines 90--91
\T1/lmr/m/n/12 MON MODE RANGE. 2018. Dis-po-n-vel em: [][]$<[]http : / / www .
 ti . com / lit / ds / symlink / ina193a-[]ep .
 []


Overfull \hbox (12.44272pt too wide) in paragraph at lines 92--93
\T1/lmr/m/n/12 TEXAS INS-TRU-MENTS (a) . \T1/lmr/bx/n/12 MSP432P411x, MSP432P40
1x SimpleLink$[]$ Mixed-
 []

LaTeX Font Info:    Font shape `OMS/lmr/bx/n' in size <12> not available
(Font)              Font shape `OMS/lmsy/b/n' tried instead on input line 96.

Overfull \hbox (27.68938pt too wide) in paragraph at lines 96--97
\T1/lmr/m/n/12 communityserver-[]discussions-[]components-[]les / 166 / MSP432
 _ 5F00 _ DriverLib _ 5F00 _ Users _
 []


Overfull \hbox (10.81766pt too wide) in paragraph at lines 96--97
\T1/lmr/m/n/12 5F00 _ Guide _ 2D00 _ MSP432P4xx _ 2D00 _ 2 _ 5F00 _ 20 _ 5F00 _
 00 _ 5F00 _ 08 . pdf>[]$[][]. Acesso
 []

) (editaveis/apendices.tex
Underfull \vbox (badness 10000) has occurred while \output is active []

 [79]
[80]

Package hyperref Warning: Token not allowed in a PDF string (PDFDocEncoding):
(hyperref)                removing `\uppercase' on input line 4.

[81


] [82] [83

] [84]

LaTeX Warning: `h' float specifier changed to `ht'.

[85

] [86]
Overfull \hbox (22.66707pt too wide) in paragraph at lines 133--134
 [][] 
 []

[87

] [88

]
Underfull \vbox (badness 10000) detected at line 230
 []


LaTeX Warning: `h' float specifier changed to `ht'.


LaTeX Warning: `h' float specifier changed to `ht'.


LaTeX Warning: `h' float specifier changed to `ht'.


Underfull \vbox (badness 10000) detected at line 336
 []


LaTeX Warning: Float too large for page by 509.69809pt on input line 399.


LaTeX Warning: `h' float specifier changed to `ht'.


LaTeX Warning: `h' float specifier changed to `ht'.


LaTeX Warning: No positions in optional float specifier.
               Default added (so using `tbp') on input line 427.


LaTeX Warning: `h' float specifier changed to `ht'.


LaTeX Warning: `h' float specifier changed to `ht'.


LaTeX Warning: `h' float specifier changed to `ht'.

[89] [90] [91] [92] [93] [94]
File: pcb_v1.pdf Graphic file (type pdf)
<use pcb_v1.pdf, page 1>
Package pdftex.def Info: pcb_v1.pdf , page1 used on input line 502.
(pdftex.def)             Requested size: 500.50278pt x 354.27919pt.

Overfull \hbox (59.72916pt too wide) in paragraph at lines 501--504
 [][] 
 []

<pcb_v1.pdf, id=1039, page=2, 845.1575pt x 598.235pt>
File: pcb_v1.pdf Graphic file (type pdf)
<use pcb_v1.pdf, page 2>
Package pdftex.def Info: pcb_v1.pdf , page2 used on input line 511.
(pdftex.def)             Requested size: 500.50278pt x 354.27919pt.

Overfull \hbox (59.72916pt too wide) in paragraph at lines 510--513
 [][] 
 []


LaTeX Warning: `h' float specifier changed to `ht'.

<pcb_v1.pdf, id=1040, page=3, 845.1575pt x 598.235pt>
File: pcb_v1.pdf Graphic file (type pdf)
<use pcb_v1.pdf, page 3>
Package pdftex.def Info: pcb_v1.pdf , page3 used on input line 520.
(pdftex.def)             Requested size: 500.50278pt x 354.27919pt.

Overfull \hbox (59.72916pt too wide) in paragraph at lines 519--522
 [][] 
 []


LaTeX Warning: `h' float specifier changed to `ht'.

<pcb_v1.pdf, id=1041, page=4, 845.1575pt x 598.235pt>
File: pcb_v1.pdf Graphic file (type pdf)
<use pcb_v1.pdf, page 4>
Package pdftex.def Info: pcb_v1.pdf , page4 used on input line 529.
(pdftex.def)             Requested size: 500.50278pt x 354.27919pt.

Overfull \hbox (59.72916pt too wide) in paragraph at lines 528--531
 [][] 
 []


LaTeX Warning: `h' float specifier changed to `ht'.

<pcb_v1.pdf, id=1042, page=5, 845.1575pt x 598.235pt>
File: pcb_v1.pdf Graphic file (type pdf)
<use pcb_v1.pdf, page 5>
Package pdftex.def Info: pcb_v1.pdf , page5 used on input line 538.
(pdftex.def)             Requested size: 500.50278pt x 354.27919pt.

Overfull \hbox (59.72916pt too wide) in paragraph at lines 537--540
 [][] 
 []


LaTeX Warning: `h' float specifier changed to `ht'.

<pcb_v1.pdf, id=1043, page=6, 845.1575pt x 598.235pt>
File: pcb_v1.pdf Graphic file (type pdf)
<use pcb_v1.pdf, page 6>
Package pdftex.def Info: pcb_v1.pdf , page6 used on input line 547.
(pdftex.def)             Requested size: 500.50278pt x 354.27919pt.

Overfull \hbox (59.72916pt too wide) in paragraph at lines 546--549
 [][] 
 []


LaTeX Warning: `h' float specifier changed to `ht'.

<pcb_v1.pdf, id=1044, page=7, 845.1575pt x 598.235pt>
File: pcb_v1.pdf Graphic file (type pdf)
<use pcb_v1.pdf, page 7>
Package pdftex.def Info: pcb_v1.pdf , page7 used on input line 556.
(pdftex.def)             Requested size: 500.50278pt x 354.27919pt.

Overfull \hbox (59.72916pt too wide) in paragraph at lines 555--558
 [][] 
 []


LaTeX Warning: `h' float specifier changed to `ht'.

<pcb_v1.pdf, id=1045, page=8, 845.1575pt x 598.235pt>
File: pcb_v1.pdf Graphic file (type pdf)
<use pcb_v1.pdf, page 8>
Package pdftex.def Info: pcb_v1.pdf , page8 used on input line 565.
(pdftex.def)             Requested size: 500.50278pt x 354.27919pt.

Overfull \hbox (59.72916pt too wide) in paragraph at lines 564--567
 [][] 
 []


LaTeX Warning: `h' float specifier changed to `ht'.

<pcb_v1.pdf, id=1046, page=9, 845.1575pt x 598.235pt>
File: pcb_v1.pdf Graphic file (type pdf)
<use pcb_v1.pdf, page 9>
Package pdftex.def Info: pcb_v1.pdf , page9 used on input line 574.
(pdftex.def)             Requested size: 500.50278pt x 354.27919pt.

Overfull \hbox (59.72916pt too wide) in paragraph at lines 573--576
 [][] 
 []


LaTeX Warning: `h' float specifier changed to `ht'.

File: pcb_v1.pdf Graphic file (type pdf)
<use pcb_v1.pdf, page 9>
Package pdftex.def Info: pcb_v1.pdf , page9 used on input line 583.
(pdftex.def)             Requested size: 500.50278pt x 354.27919pt.

Overfull \hbox (59.72916pt too wide) in paragraph at lines 582--585
 [][] 
 []


LaTeX Warning: `h' float specifier changed to `ht'.

<figuras/pcbRealistic_2.PNG, id=1047, 444.15938pt x 414.79968pt>
File: figuras/pcbRealistic_2.PNG Graphic file (type png)
<use figuras/pcbRealistic_2.PNG>
Package pdftex.def Info: figuras/pcbRealistic_2.PNG  used on input line 592.
(pdftex.def)             Requested size: 288.70016pt x 269.6166pt.

LaTeX Warning: `!h' float specifier changed to `!ht'.

<figuras/upperLayer_.PNG, id=1048, 934.2102pt x 440.6061pt>
File: figuras/upperLayer_.PNG Graphic file (type png)
<use figuras/upperLayer_.PNG>
Package pdftex.def Info: figuras/upperLayer_.PNG  used on input line 600.
(pdftex.def)             Requested size: 467.10396pt x 220.3025pt.

Overfull \hbox (12.10396pt too wide) in paragraph at lines 600--601
 [][] 
 []


LaTeX Warning: `!h' float specifier changed to `!ht'.

<figuras/bottomLayer_.PNG, id=1049, 906.5067pt x 437.2335pt>
File: figuras/bottomLayer_.PNG Graphic file (type png)
<use figuras/bottomLayer_.PNG>
Package pdftex.def Info: figuras/bottomLayer_.PNG  used on input line 608.
(pdftex.def)             Requested size: 453.25224pt x 218.61621pt.

LaTeX Warning: `!h' float specifier changed to `!ht'.

[95

] [96 <./pcb_v1.pdf>] [97 <./pcb_v1.pdf>] [98 <./pcb_v1.pdf>] [99 <./pcb_v1.pdf
>] [100 <./pcb_v1.pdf>] [101 <./pcb_v1.pdf>] [102 <./pcb_v1.pdf>] [103 <./pcb_v
1.pdf>] [104 <./figuras/pcbRealistic_2.PNG>] [105 <./figuras/upperLayer_.PNG> <
./figuras/bottomLayer_.PNG>] [106

]
LaTeX Font Info:    Font shape `T1/lmss/m/it' in size <24.88> not available
(Font)              Font shape `T1/lmss/m/sl' tried instead on input line 614.


pdfTeX warning: pdflatex.exe (file ./figuras/bom_v1.pdf): PDF inclusion: found 
PDF version <1.7>, but at most version <1.5> allowed
<figuras/bom_v1.pdf, id=1108, page=1, 597.55246pt x 845.07718pt>
File: figuras/bom_v1.pdf Graphic file (type pdf)
<use figuras/bom_v1.pdf, page 1>
Package pdftex.def Info: figuras/bom_v1.pdf , page1 used on input line 620.
(pdftex.def)             Requested size: 418.59917pt x 592.0142pt.
[107 <./figuras/bom_v1.pdf>] [108

]
<figuras/flowChart_obc.PNG, id=1130, 222.8325pt x 458.46281pt>
File: figuras/flowChart_obc.PNG Graphic file (type png)
<use figuras/flowChart_obc.PNG>
Package pdftex.def Info: figuras/flowChart_obc.PNG  used on input line 636.
(pdftex.def)             Requested size: 144.8394pt x 297.99728pt.
<figuras/flowChart_hardware.PNG, id=1131, 210.03468pt x 435.87843pt>
File: figuras/flowChart_hardware.PNG Graphic file (type png)
<use figuras/flowChart_hardware.PNG>
Package pdftex.def Info: figuras/flowChart_hardware.PNG  used on input line 644
.
(pdftex.def)             Requested size: 84.01237pt x 174.34828pt.
<figuras/flowChart_clockSetup.PNG, id=1132, 173.89969pt x 437.38406pt>
File: figuras/flowChart_clockSetup.PNG Graphic file (type png)
<use figuras/flowChart_clockSetup.PNG>
Package pdftex.def Info: figuras/flowChart_clockSetup.PNG  used on input line 6
52.
(pdftex.def)             Requested size: 69.55862pt x 174.95052pt.


LaTeX Warning: `!h' float specifier changed to `!ht'.

<figuras/flowChart_taskCreate.PNG, id=1133, 70.76437pt x 397.485pt>
File: figuras/flowChart_taskCreate.PNG Graphic file (type png)
<use figuras/flowChart_taskCreate.PNG>
Package pdftex.def Info: figuras/flowChart_taskCreate.PNG  used on input line 6
60.
(pdftex.def)             Requested size: 60.15pt x 337.86385pt.

LaTeX Warning: `!h' float specifier changed to `!ht'.

<figuras/flowChart_wdt.PNG, id=1134, 283.0575pt x 466.74374pt>
File: figuras/flowChart_wdt.PNG Graphic file (type png)
<use figuras/flowChart_wdt.PNG>
Package pdftex.def Info: figuras/flowChart_wdt.PNG  used on input line 668.
(pdftex.def)             Requested size: 99.0716pt x 163.36275pt.

LaTeX Warning: `!h' float specifier changed to `!ht'.

<figuras/flowChart_dataStorage.PNG, id=1135, 193.47281pt x 413.29407pt>
File: figuras/flowChart_dataStorage.PNG Graphic file (type png)
<use figuras/flowChart_dataStorage.PNG>
Package pdftex.def Info: figuras/flowChart_dataStorage.PNG  used on input line 
676.
(pdftex.def)             Requested size: 96.73616pt x 206.64651pt.

LaTeX Warning: `!h' float specifier changed to `!ht'.

<figuras/flowChart_houseKeeping.PNG, id=1136, 153.57375pt x 452.4403pt>
File: figuras/flowChart_houseKeeping.PNG Graphic file (type png)
<use figuras/flowChart_houseKeeping.PNG>
Package pdftex.def Info: figuras/flowChart_houseKeeping.PNG  used on input line
 684.
(pdftex.def)             Requested size: 69.10754pt x 203.59625pt.

LaTeX Warning: `!h' float specifier changed to `!ht'.

) (editaveis/anexos.tex)
No file tcc.ind.

AED: lastpage setting LastPage
[109 <./figuras/flowChart_obc.PNG> <./figuras/flowChart_hardware.PNG>] [110 <./
figuras/flowChart_clockSetup.PNG> <./figuras/flowChart_taskCreate.PNG>]
[111 <./figuras/flowChart_wdt.PNG> <./figuras/flowChart_dataStorage.PNG> <./fig
uras/flowChart_houseKeeping.PNG>]
\tf@lof=\write6
\openout6 = `tcc.lof'.

\tf@lot=\write7
\openout7 = `tcc.lot'.

\tf@toc=\write8
\openout8 = `tcc.toc'.

Package atveryend Info: Empty hook `BeforeClearDocument' on input line 47.
Package atveryend Info: Empty hook `AfterLastShipout' on input line 47.
 (tcc.aux)
Package atveryend Info: Executing hook `AtVeryEndDocument' on input line 47.
Package atveryend Info: Empty hook `AtEndAfterFileList' on input line 47.


LaTeX Warning: There were multiply-defined labels.

Package atveryend Info: Empty hook `AtVeryVeryEnd' on input line 47.
 ) 
Here is how much of TeX's memory you used:
 28562 strings out of 492895
 524067 string characters out of 3121867
 873923 words of memory out of 3000000
 31462 multiletter control sequences out of 15000+200000
 110687 words of font info for 69 fonts, out of 3000000 for 9000
 1141 hyphenation exceptions out of 8191
 70i,18n,62p,1211b,1200s stack positions out of 5000i,500n,10000p,200000b,50000s
pdfTeX warning (dest): name{Hfootnote.7} has been referenced but does not exi
st, replaced by a fixed one

{C:/Users/Guilherme/AppData/Local/Programs/MiKTeX 2.9/fonts/enc/dvips/lm/lm-mat
hsy.enc}{C:/Users/Guilherme/AppData/Local/Programs/MiKTeX 2.9/fonts/enc/dvips/l
m/lm-ec.enc}{C:/Users/Guilherme/AppData/Local/Programs/MiKTeX 2.9/fonts/enc/dvi
ps/lm/lm-rm.enc}{C:/Users/Guilherme/AppData/Local/Programs/MiKTeX 2.9/fonts/enc
/dvips/lm/lm-mathit.enc}<C:/Users/Guilherme/AppData/Local/Programs/MiKTeX 2.9/f
onts/type1/public/lm/lmbsy10.pfb><C:/Users/Guilherme/AppData/Local/Programs/MiK
TeX 2.9/fonts/type1/public/lm/lmbx10.pfb><C:/Users/Guilherme/AppData/Local/Prog
rams/MiKTeX 2.9/fonts/type1/public/lm/lmbx12.pfb><C:/Users/Guilherme/AppData/Lo
cal/Programs/MiKTeX 2.9/fonts/type1/public/lm/lmbx8.pfb><C:/Users/Guilherme/App
Data/Local/Programs/MiKTeX 2.9/fonts/type1/public/lm/lmmi8.pfb><C:/Users/Guilhe
rme/AppData/Local/Programs/MiKTeX 2.9/fonts/type1/public/lm/lmr10.pfb><C:/Users
/Guilherme/AppData/Local/Programs/MiKTeX 2.9/fonts/type1/public/lm/lmr12.pfb><C
:/Users/Guilherme/AppData/Local/Programs/MiKTeX 2.9/fonts/type1/public/lm/lmr6.
pfb><C:/Users/Guilherme/AppData/Local/Programs/MiKTeX 2.9/fonts/type1/public/lm
/lmr7.pfb><C:/Users/Guilherme/AppData/Local/Programs/MiKTeX 2.9/fonts/type1/pub
lic/lm/lmr8.pfb><C:/Users/Guilherme/AppData/Local/Programs/MiKTeX 2.9/fonts/typ
e1/public/lm/lmri10.pfb><C:/Users/Guilherme/AppData/Local/Programs/MiKTeX 2.9/f
onts/type1/public/lm/lmri12.pfb><C:/Users/Guilherme/AppData/Local/Programs/MiKT
eX 2.9/fonts/type1/public/lm/lmss12.pfb><C:/Users/Guilherme/AppData/Local/Progr
ams/MiKTeX 2.9/fonts/type1/public/lm/lmss17.pfb><C:/Users/Guilherme/AppData/Loc
al/Programs/MiKTeX 2.9/fonts/type1/public/lm/lmssbo10.pfb><C:/Users/Guilherme/A
ppData/Local/Programs/MiKTeX 2.9/fonts/type1/public/lm/lmssbx10.pfb><C:/Users/G
uilherme/AppData/Local/Programs/MiKTeX 2.9/fonts/type1/public/lm/lmsso12.pfb><C
:/Users/Guilherme/AppData/Local/Programs/MiKTeX 2.9/fonts/type1/public/lm/lmsso
17.pfb><C:/Users/Guilherme/AppData/Local/Programs/MiKTeX 2.9/fonts/type1/public
/lm/lmsy10.pfb><C:/Users/Guilherme/AppData/Local/Programs/MiKTeX 2.9/fonts/type
1/public/lm/lmsy6.pfb><C:/Users/Guilherme/AppData/Local/Programs/MiKTeX 2.9/fon
ts/type1/public/lm/lmsy7.pfb><C:/Users/Guilherme/AppData/Local/Programs/MiKTeX 
2.9/fonts/type1/public/lm/lmsy8.pfb><C:/Users/Guilherme/AppData/Local/Programs/
MiKTeX 2.9/fonts/type1/public/lm/lmtk10.pfb><C:/Users/Guilherme/AppData/Local/P
rograms/MiKTeX 2.9/fonts/type1/public/lm/lmtt10.pfb>
Output written on tcc.pdf (113 pages, 42809622 bytes).
PDF statistics:
 1510 PDF objects out of 1728 (max. 8388607)
 314 named destinations out of 1000 (max. 500000)
 852 words of extra memory for PDF output out of 10000 (max. 10000000)

